{"logTime": "1124/082742", "correlationVector":"ae4PYcaviOo5+LbBbtpIks.2","action":"GetUpdates Response", "result":"SYNCER_OK", "context":Received 1 update(s). cV=ae4PYcaviOo5+LbBbtpIks.0;server=GENERAL0100000L;cloudType=Consumer;environment=Prod_NorthEurope_000h;migrationStage=NotStarted}
{"logTime": "1124/082742", "correlationVector":"tY+pDe/0dwbsOwA2LMzTdk","action":"Commit Request", "result":"", "context":Item count: 1
Contributing types: Sessions}
{"logTime": "1124/082742", "correlationVector":"tY+pDe/0dwbsOwA2LMzTdk.1","action":"SyncServerConnectionManagerRequest", "result":"SYNC_SERVER_OK", "context":{"environment":"Prod_WestEurope_x00e", "migrationStage":"NotStarted", "server":"GENERAL01000019"}}
{"logTime": "1124/082742", "correlationVector":"tY+pDe/0dwbsOwA2LMzTdk.2","action":"Commit Response", "result":"SYNCER_OK", "context":Result: SYNCER_OK. cV=tY+pDe/0dwbsOwA2LMzTdk.0;server=GENERAL01000019;cloudType=Consumer;environment=Prod_WestEurope_x00e;migrationStage=NotStarted}
{"logTime": "1124/082812", "correlationVector":"EdN8EyWSLZkqFr8c/v/YO0","action":"Commit Request", "result":"", "context":Item count: 1
Contributing types: Sessions}
{"logTime": "1124/082812", "correlationVector":"EdN8EyWSLZkqFr8c/v/YO0.1","action":"SyncServerConnectionManagerRequest", "result":"SYNC_SERVER_OK", "context":{"environment":"Prod_NorthEurope_000h", "migrationStage":"NotStarted", "server":"GENERAL01000018"}}
{"logTime": "1124/082812", "correlationVector":"EdN8EyWSLZkqFr8c/v/YO0.2","action":"Commit Response", "result":"SYNCER_OK", "context":Result: SYNCER_OK. cV=EdN8EyWSLZkqFr8c/v/YO0.0;server=GENERAL01000018;cloudType=Consumer;environment=Prod_NorthEurope_000h;migrationStage=NotStarted}
{"logTime": "1124/082913", "correlationVector":"klg3RD1aO4WQy5D9MqMqH4","action":"Commit Request", "result":"", "context":Item count: 1
Contributing types: Sessions}
{"logTime": "1124/082914", "correlationVector":"klg3RD1aO4WQy5D9MqMqH4.1","action":"SyncServerConnectionManagerRequest", "result":"SYNC_SERVER_OK", "context":{"environment":"Prod_NorthEurope_000h", "migrationStage":"NotStarted", "server":"GENERAL0100000D"}}
{"logTime": "1124/082914", "correlationVector":"klg3RD1aO4WQy5D9MqMqH4.2","action":"Commit Response", "result":"SYNCER_OK", "context":Result: SYNCER_OK. cV=klg3RD1aO4WQy5D9MqMqH4.0;server=GENERAL0100000D;cloudType=Consumer;environment=Prod_NorthEurope_000h;migrationStage=NotStarted}
{"logTime": "1124/083016", "correlationVector":"KNr5ecQVWY4HpEshqJi8Am","action":"Commit Request", "result":"", "context":Item count: 1
Contributing types: Sessions}
{"logTime": "1124/083016", "correlationVector":"KNr5ecQVWY4HpEshqJi8Am.1","action":"SyncServerConnectionManagerRequest", "result":"SYNC_SERVER_OK", "context":{"environment":"Prod_WestEurope_x00e", "migrationStage":"NotStarted", "server":"GENERAL0100001E"}}
{"logTime": "1124/083016", "correlationVector":"KNr5ecQVWY4HpEshqJi8Am.2","action":"Commit Response", "result":"SYNCER_OK", "context":Result: SYNCER_OK. cV=KNr5ecQVWY4HpEshqJi8Am.0;server=GENERAL0100001E;cloudType=Consumer;environment=Prod_WestEurope_x00e;migrationStage=NotStarted}
{"logTime": "1124/083059", "correlationVector":"826kKGDfPG905rQPHQafIt","action":"Commit Request", "result":"", "context":Item count: 1
Contributing types: Sessions}
{"logTime": "1124/083059", "correlationVector":"826kKGDfPG905rQPHQafIt.1","action":"SyncServerConnectionManagerRequest", "result":"SYNC_SERVER_OK", "context":{"environment":"Prod_NorthEurope_000h", "migrationStage":"NotStarted", "server":"GENERAL0100001T"}}
{"logTime": "1124/083059", "correlationVector":"826kKGDfPG905rQPHQafIt.2","action":"Commit Response", "result":"SYNCER_OK", "context":Result: SYNCER_OK. cV=826kKGDfPG905rQPHQafIt.0;server=GENERAL0100001T;cloudType=Consumer;environment=Prod_NorthEurope_000h;migrationStage=NotStarted}
{"logTime": "1124/083242", "correlationVector":"pb3GlDjLT9wnzLtNt5wVaK","action":"Commit Request", "result":"", "context":Item count: 1
Contributing types: Sessions}
{"logTime": "1124/083242", "correlationVector":"pb3GlDjLT9wnzLtNt5wVaK.1","action":"SyncServerConnectionManagerRequest", "result":"SYNC_SERVER_OK", "context":{"environment":"Prod_NorthEurope_000h", "migrationStage":"NotStarted", "server":"GENERAL0100002F"}}
{"logTime": "1124/083242", "correlationVector":"pb3GlDjLT9wnzLtNt5wVaK.2","action":"Commit Response", "result":"SYNCER_OK", "context":Result: SYNCER_OK. cV=pb3GlDjLT9wnzLtNt5wVaK.0;server=GENERAL0100002F;cloudType=Consumer;environment=Prod_NorthEurope_000h;migrationStage=NotStarted}
{"logTime": "1124/083349", "correlationVector":"6kcqlbbfdNuRVqLnt0mWxW","action":"Commit Request", "result":"", "context":Item count: 1
Contributing types: Sessions}
{"logTime": "1124/083349", "correlationVector":"6kcqlbbfdNuRVqLnt0mWxW.1","action":"SyncServerConnectionManagerRequest", "result":"SYNC_SERVER_OK", "context":{"environment":"Prod_NorthEurope_000h", "migrationStage":"NotStarted", "server":"GENERAL01000000"}}
{"logTime": "1124/083349", "correlationVector":"6kcqlbbfdNuRVqLnt0mWxW.2","action":"Commit Response", "result":"SYNCER_OK", "context":Result: SYNCER_OK. cV=6kcqlbbfdNuRVqLnt0mWxW.0;server=GENERAL01000000;cloudType=Consumer;environment=Prod_NorthEurope_000h;migrationStage=NotStarted}
{"logTime": "1124/083428", "correlationVector":"bC+mr2N95zuR/0Uci/nI8x","action":"Commit Request", "result":"", "context":Item count: 1
Contributing types: Sessions}
{"logTime": "1124/083428", "correlationVector":"bC+mr2N95zuR/0Uci/nI8x.1","action":"SyncServerConnectionManagerRequest", "result":"SYNC_SERVER_OK", "context":{"environment":"Prod_WestEurope_x00e", "migrationStage":"NotStarted", "server":"GENERAL0100002Q"}}
{"logTime": "1124/083428", "correlationVector":"bC+mr2N95zuR/0Uci/nI8x.2","action":"Commit Response", "result":"SYNCER_OK", "context":Result: SYNCER_OK. cV=bC+mr2N95zuR/0Uci/nI8x.0;server=GENERAL0100002Q;cloudType=Consumer;environment=Prod_WestEurope_x00e;migrationStage=NotStarted}
{"logTime": "1124/083532", "correlationVector":"5Ja41Ry7nrGFm95CAYuhlZ","action":"Commit Request", "result":"", "context":Item count: 1
Contributing types: Sessions}
{"logTime": "1124/083533", "correlationVector":"5Ja41Ry7nrGFm95CAYuhlZ.1","action":"SyncServerConnectionManagerRequest", "result":"SYNC_SERVER_OK", "context":{"environment":"Prod_NorthEurope_000h", "migrationStage":"NotStarted", "server":"GENERAL0100002N"}}
{"logTime": "1124/083533", "correlationVector":"5Ja41Ry7nrGFm95CAYuhlZ.2","action":"Commit Response", "result":"SYNCER_OK", "context":Result: SYNCER_OK. cV=5Ja41Ry7nrGFm95CAYuhlZ.0;server=GENERAL0100002N;cloudType=Consumer;environment=Prod_NorthEurope_000h;migrationStage=NotStarted}
{"logTime": "1124/083609", "correlationVector":"b2LzM9K6gyqxrVaiA4j2zz","action":"Commit Request", "result":"", "context":Item count: 1
Contributing types: Sessions}
{"logTime": "1124/083609", "correlationVector":"b2LzM9K6gyqxrVaiA4j2zz.1","action":"SyncServerConnectionManagerRequest", "result":"SYNC_SERVER_OK", "context":{"environment":"Prod_WestEurope_x00e", "migrationStage":"NotStarted", "server":"GENERAL0100000T"}}
{"logTime": "1124/083609", "correlationVector":"b2LzM9K6gyqxrVaiA4j2zz.2","action":"Commit Response", "result":"SYNCER_OK", "context":Result: SYNCER_OK. cV=b2LzM9K6gyqxrVaiA4j2zz.0;server=GENERAL0100000T;cloudType=Consumer;environment=Prod_WestEurope_x00e;migrationStage=NotStarted}
{"logTime": "1124/083642", "correlationVector":"U+1ywe26MEmaf+HUCAfLLq","action":"Commit Request", "result":"", "context":Item count: 1
Contributing types: Sessions}
{"logTime": "1124/083642", "correlationVector":"U+1ywe26MEmaf+HUCAfLLq.1","action":"SyncServerConnectionManagerRequest", "result":"SYNC_SERVER_OK", "context":{"environment":"Prod_NorthEurope_000h", "migrationStage":"NotStarted", "server":"GENERAL0100002O"}}
{"logTime": "1124/083643", "correlationVector":"U+1ywe26MEmaf+HUCAfLLq.2","action":"Commit Response", "result":"SYNCER_OK", "context":Result: SYNCER_OK. cV=U+1ywe26MEmaf+HUCAfLLq.0;server=GENERAL0100002O;cloudType=Consumer;environment=Prod_NorthEurope_000h;migrationStage=NotStarted}
{"logTime": "1124/083812", "correlationVector":"fBPVxLxIFGtuD+wlhKuNIj","action":"Commit Request", "result":"", "context":Item count: 1
Contributing types: Sessions}
{"logTime": "1124/083813", "correlationVector":"fBPVxLxIFGtuD+wlhKuNIj.1","action":"SyncServerConnectionManagerRequest", "result":"SYNC_SERVER_OK", "context":{"environment":"Prod_NorthEurope_000h", "migrationStage":"NotStarted", "server":"GENERAL01000007"}}
{"logTime": "1124/083813", "correlationVector":"fBPVxLxIFGtuD+wlhKuNIj.2","action":"Commit Response", "result":"SYNCER_OK", "context":Result: SYNCER_OK. cV=fBPVxLxIFGtuD+wlhKuNIj.0;server=GENERAL01000007;cloudType=Consumer;environment=Prod_NorthEurope_000h;migrationStage=NotStarted}
{"logTime": "1124/083937", "correlationVector":"tf+ZOknMqWCMnoDGs73QXP","action":"Commit Request", "result":"", "context":Item count: 1
Contributing types: Sessions}
{"logTime": "1124/083937", "correlationVector":"tf+ZOknMqWCMnoDGs73QXP.1","action":"SyncServerConnectionManagerRequest", "result":"SYNC_SERVER_OK", "context":{"environment":"Prod_NorthEurope_000h", "migrationStage":"NotStarted", "server":"GENERAL0100000P"}}
{"logTime": "1124/083937", "correlationVector":"tf+ZOknMqWCMnoDGs73QXP.2","action":"Commit Response", "result":"SYNCER_OK", "context":Result: SYNCER_OK. cV=tf+ZOknMqWCMnoDGs73QXP.0;server=GENERAL0100000P;cloudType=Consumer;environment=Prod_NorthEurope_000h;migrationStage=NotStarted}
{"logTime": "1124/084015", "correlationVector":"k3FuHELz+w3VJsapbWOEYH","action":"Commit Request", "result":"", "context":Item count: 1
Contributing types: Sessions}
{"logTime": "1124/084016", "correlationVector":"k3FuHELz+w3VJsapbWOEYH.1","action":"SyncServerConnectionManagerRequest", "result":"SYNC_SERVER_OK", "context":{"environment":"Prod_WestEurope_x00e", "migrationStage":"NotStarted", "server":"GENERAL0100002O"}}
{"logTime": "1124/084016", "correlationVector":"k3FuHELz+w3VJsapbWOEYH.2","action":"Commit Response", "result":"SYNCER_OK", "context":Result: SYNCER_OK. cV=k3FuHELz+w3VJsapbWOEYH.0;server=GENERAL0100002O;cloudType=Consumer;environment=Prod_WestEurope_x00e;migrationStage=NotStarted}
{"logTime": "1124/084052", "correlationVector":"f7S8EUSB8cj/wqGLoJeEh7","action":"Commit Request", "result":"", "context":Item count: 1
Contributing types: Sessions}
{"logTime": "1124/084052", "correlationVector":"f7S8EUSB8cj/wqGLoJeEh7.1","action":"SyncServerConnectionManagerRequest", "result":"SYNC_SERVER_OK", "context":{"environment":"Prod_NorthEurope_000h", "migrationStage":"NotStarted", "server":"GENERAL0100000K"}}
{"logTime": "1124/084052", "correlationVector":"f7S8EUSB8cj/wqGLoJeEh7.2","action":"Commit Response", "result":"SYNCER_OK", "context":Result: SYNCER_OK. cV=f7S8EUSB8cj/wqGLoJeEh7.0;server=GENERAL0100000K;cloudType=Consumer;environment=Prod_NorthEurope_000h;migrationStage=NotStarted}
{"logTime": "1124/084122", "correlationVector":"VvS3ILoi5HHwyErrcYAsJc","action":"Commit Request", "result":"", "context":Item count: 1
Contributing types: Sessions}
{"logTime": "1124/084122", "correlationVector":"VvS3ILoi5HHwyErrcYAsJc.1","action":"SyncServerConnectionManagerRequest", "result":"SYNC_SERVER_OK", "context":{"environment":"Prod_NorthEurope_000h", "migrationStage":"NotStarted", "server":"GENERAL0100000T"}}
{"logTime": "1124/084122", "correlationVector":"VvS3ILoi5HHwyErrcYAsJc.2","action":"Commit Response", "result":"SYNCER_OK", "context":Result: SYNCER_OK. cV=VvS3ILoi5HHwyErrcYAsJc.0;server=GENERAL0100000T;cloudType=Consumer;environment=Prod_NorthEurope_000h;migrationStage=NotStarted}
{"logTime": "1124/084259", "correlationVector":"TDNgs3K6ladO/9+5jb4Zb8","action":"Commit Request", "result":"", "context":Item count: 1
Contributing types: Sessions}
{"logTime": "1124/084259", "correlationVector":"TDNgs3K6ladO/9+5jb4Zb8.1","action":"SyncServerConnectionManagerRequest", "result":"SYNC_SERVER_OK", "context":{"environment":"Prod_NorthEurope_000h", "migrationStage":"NotStarted", "server":"GENERAL0100001U"}}
{"logTime": "1124/084259", "correlationVector":"TDNgs3K6ladO/9+5jb4Zb8.2","action":"Commit Response", "result":"SYNCER_OK", "context":Result: SYNCER_OK. cV=TDNgs3K6ladO/9+5jb4Zb8.0;server=GENERAL0100001U;cloudType=Consumer;environment=Prod_NorthEurope_000h;migrationStage=NotStarted}
{"logTime": "1124/084450", "correlationVector":"NttmHFA4W/6vV8ocCHwTOy","action":"Commit Request", "result":"", "context":Item count: 1
Contributing types: Sessions}
{"logTime": "1124/084450", "correlationVector":"NttmHFA4W/6vV8ocCHwTOy.1","action":"SyncServerConnectionManagerRequest", "result":"SYNC_SERVER_OK", "context":{"environment":"Prod_NorthEurope_000h", "migrationStage":"NotStarted", "server":"GENERAL01000023"}}
{"logTime": "1124/084450", "correlationVector":"NttmHFA4W/6vV8ocCHwTOy.2","action":"Commit Response", "result":"SYNCER_OK", "context":Result: SYNCER_OK. cV=NttmHFA4W/6vV8ocCHwTOy.0;server=GENERAL01000023;cloudType=Consumer;environment=Prod_NorthEurope_000h;migrationStage=NotStarted}
{"logTime": "1124/084613", "correlationVector":"+lNqkcqO7q2Yesy1DuiTa1.0","action":"FeedSettingFetch_homeCloud", "result":"0", "context":{}}
{"logTime": "1124/084613", "correlationVector":"22wuuWfuMFMElVvaog2Pnn.1","action":"SyncServerConnectionManagerRequest", "result":"SYNC_SERVER_OK", "context":{"environment":"Prod_NorthEurope_000h", "migrationStage":"NotStarted", "server":"GENERAL0100001I"}}
{"logTime": "1124/084614", "correlationVector":"22wuuWfuMFMElVvaog2Pnn","action":"Initial GetUpdates", "result":"", "context":Reason: NEW_CLIENT. cV=22wuuWfuMFMElVvaog2Pnn}
{"logTime": "1124/084614", "correlationVector":"22wuuWfuMFMElVvaog2Pnn.2","action":"GetUpdates Response", "result":"SYNCER_OK", "context":Received 1 update(s). cV=22wuuWfuMFMElVvaog2Pnn.0;server=GENERAL0100001I;cloudType=Consumer;environment=Prod_NorthEurope_000h;migrationStage=NotStarted}
{"logTime": "1124/084614", "correlationVector":"9Zvkr/DHorRbFA1edy+LTK","action":"Normal GetUpdate request", "result":"", "context":cV=9Zvkr/DHorRbFA1edy+LTK
Nudged types: Sessions, User Consents
Refresh requested types: Bookmarks, Preferences, Passwords, Autofill Profiles, Autofill, Autofill Custom Data, Typed URLs, Extensions, Sessions, Extension settings, History Delete Directives, Device Info, User Consents, Send Tab To Self, Web Apps, Collection, Edge E Drop, Edge Hub App Usage, Edge Wallet, Encryption Keys}
{"logTime": "1124/084614", "correlationVector":"9Zvkr/DHorRbFA1edy+LTK.1","action":"SyncServerConnectionManagerRequest", "result":"SYNC_SERVER_OK", "context":{"environment":"Prod_NorthEurope_000h", "migrationStage":"NotStarted", "server":"GENERAL0100001I"}}
{"logTime": "1124/084614", "correlationVector":"9Zvkr/DHorRbFA1edy+LTK.2","action":"GetUpdates Response", "result":"SYNCER_OK", "context":Received 1 update(s). cV=9Zvkr/DHorRbFA1edy+LTK.0;server=GENERAL0100001I;cloudType=Consumer;environment=Prod_NorthEurope_000h;migrationStage=NotStarted}
{"logTime": "1124/084614", "correlationVector":"ntqOa/7vcpu0n4EZYSjuMW","action":"Commit Request", "result":"", "context":Item count: 4
Contributing types: Sessions, User Consents}
{"logTime": "1124/084614", "correlationVector":"ntqOa/7vcpu0n4EZYSjuMW.1","action":"SyncServerConnectionManagerRequest", "result":"SYNC_SERVER_OK", "context":{"environment":"Prod_NorthEurope_000h", "migrationStage":"NotStarted", "server":"GENERAL01000024"}}
{"logTime": "1124/084614", "correlationVector":"ntqOa/7vcpu0n4EZYSjuMW.2","action":"Commit Response", "result":"SYNCER_OK", "context":Result: SYNCER_OK. cV=ntqOa/7vcpu0n4EZYSjuMW.0;server=GENERAL01000024;cloudType=Consumer;environment=Prod_NorthEurope_000h;migrationStage=NotStarted}
{"logTime": "1124/084642", "correlationVector":"La9Sq2/WIxUKMa9cu9IPGZ","action":"SyncServerConnectionManagerRequest", "result":"SYNC_SERVER_OK", "context":{"environment":"", "migrationStage":"", "server":""}}
{"logTime": "1124/084642", "correlationVector":"4dTAmavfVXd/SJxLDSn7B/","action":"Normal GetUpdate request", "result":"", "context":cV=4dTAmavfVXd/SJxLDSn7B/
Nudged types: Sessions}
{"logTime": "1124/084642", "correlationVector":"4dTAmavfVXd/SJxLDSn7B/.1","action":"SyncServerConnectionManagerRequest", "result":"SYNC_SERVER_OK", "context":{"environment":"Prod_NorthEurope_000h", "migrationStage":"NotStarted", "server":"GENERAL01000017"}}
{"logTime": "1124/084642", "correlationVector":"4dTAmavfVXd/SJxLDSn7B/.2","action":"GetUpdates Response", "result":"SYNCER_OK", "context":Received 3 update(s). cV=4dTAmavfVXd/SJxLDSn7B/.0;server=GENERAL01000017;cloudType=Consumer;environment=Prod_NorthEurope_000h;migrationStage=NotStarted}
{"logTime": "1124/084642", "correlationVector":"ZFJd01AFCO+yRoZDODyVjR","action":"Commit Request", "result":"", "context":Item count: 2
Contributing types: Sessions}
{"logTime": "1124/084642", "correlationVector":"ZFJd01AFCO+yRoZDODyVjR.1","action":"SyncServerConnectionManagerRequest", "result":"SYNC_SERVER_OK", "context":{"environment":"Prod_WestEurope_x00e", "migrationStage":"NotStarted", "server":"GENERAL0100000C"}}
{"logTime": "1124/084642", "correlationVector":"ZFJd01AFCO+yRoZDODyVjR.3","action":"Commit.Sessions", "result":"Success", "context":{"id":"67b5a40e-3572-4d3f-9fb6-0a335841534a", "isDeleted":"true", "size":"0", "version":"1700815571187"}}
{"logTime": "1124/084642", "correlationVector":"ZFJd01AFCO+yRoZDODyVjR.2","action":"Commit Response", "result":"SYNCER_OK", "context":Result: SYNCER_OK. cV=ZFJd01AFCO+yRoZDODyVjR.0;server=GENERAL0100000C;cloudType=Consumer;environment=Prod_WestEurope_x00e;migrationStage=NotStarted}
{"logTime": "1124/084642", "correlationVector":"BzTw0rx/b/b8J8StVuASZr","action":"Normal GetUpdate request", "result":"", "context":cV=BzTw0rx/b/b8J8StVuASZr
Nudged types: Sessions
Refresh requested types: Bookmarks, Preferences, Passwords, Autofill Profiles, Autofill, Autofill Custom Data, Typed URLs, Extensions, Sessions, Extension settings, History Delete Directives, Device Info, User Consents, Send Tab To Self, Web Apps, Collection, Edge E Drop, Edge Hub App Usage, Edge Wallet, Encryption Keys}
{"logTime": "1124/084643", "correlationVector":"BzTw0rx/b/b8J8StVuASZr.1","action":"SyncServerConnectionManagerRequest", "result":"SYNC_SERVER_OK", "context":{"environment":"Prod_NorthEurope_000h", "migrationStage":"NotStarted", "server":"GENERAL01000013"}}
{"logTime": "1124/084643", "correlationVector":"BzTw0rx/b/b8J8StVuASZr.2","action":"GetUpdates", "result":"DeleteReceived", "context":{"id":"67b5a40e-3572-4d3f-9fb6-0a335841534a", "isDeleted:":"true", "version":"1700815602354"}}
{"logTime": "1124/084643", "correlationVector":"BzTw0rx/b/b8J8StVuASZr.3","action":"GetUpdates Response", "result":"SYNCER_OK", "context":Received 2 update(s). cV=BzTw0rx/b/b8J8StVuASZr.0;server=GENERAL01000013;cloudType=Consumer;environment=Prod_NorthEurope_000h;migrationStage=NotStarted}
{"logTime": "1124/084748", "correlationVector":"Eu/CKyjpCyHX8gLeLq2efJ","action":"Commit Request", "result":"", "context":Item count: 1
Contributing types: Sessions}
{"logTime": "1124/084748", "correlationVector":"Eu/CKyjpCyHX8gLeLq2efJ.1","action":"SyncServerConnectionManagerRequest", "result":"SYNC_SERVER_OK", "context":{"environment":"Prod_NorthEurope_000h", "migrationStage":"NotStarted", "server":"GENERAL0100002H"}}
{"logTime": "1124/084748", "correlationVector":"Eu/CKyjpCyHX8gLeLq2efJ.2","action":"Commit Response", "result":"SYNCER_OK", "context":Result: SYNCER_OK. cV=Eu/CKyjpCyHX8gLeLq2efJ.0;server=GENERAL0100002H;cloudType=Consumer;environment=Prod_NorthEurope_000h;migrationStage=NotStarted}
{"logTime": "1124/085111", "correlationVector":"KDw1330+ci29xMesQ0UlJQ","action":"Normal GetUpdate request", "result":"", "context":cV=KDw1330+ci29xMesQ0UlJQ
Refresh requested types: Bookmarks, Preferences, Passwords, Autofill Profiles, Autofill, Autofill Custom Data, Typed URLs, Extensions, Sessions, Extension settings, History Delete Directives, Device Info, User Consents, Send Tab To Self, Web Apps, Collection, Edge E Drop, Edge Hub App Usage, Edge Wallet, Encryption Keys}
{"logTime": "1124/085111", "correlationVector":"KDw1330+ci29xMesQ0UlJQ.1","action":"SyncServerConnectionManagerRequest", "result":"SYNC_SERVER_OK", "context":{"environment":"Prod_WestEurope_x00e", "migrationStage":"NotStarted", "server":"GENERAL0100000U"}}
{"logTime": "1124/085111", "correlationVector":"KDw1330+ci29xMesQ0UlJQ.2","action":"GetUpdates Response", "result":"SYNCER_OK", "context":Received 1 update(s). cV=KDw1330+ci29xMesQ0UlJQ.0;server=GENERAL0100000U;cloudType=Consumer;environment=Prod_WestEurope_x00e;migrationStage=NotStarted}
{"logTime": "1124/085148", "correlationVector":"fYtYEdfvmnLaqAiHYSgGMt","action":"Commit Request", "result":"", "context":Item count: 1
Contributing types: Sessions}
{"logTime": "1124/085148", "correlationVector":"fYtYEdfvmnLaqAiHYSgGMt.1","action":"SyncServerConnectionManagerRequest", "result":"SYNC_SERVER_OK", "context":{"environment":"Prod_WestEurope_x00e", "migrationStage":"NotStarted", "server":"GENERAL0100001W"}}
{"logTime": "1124/085148", "correlationVector":"fYtYEdfvmnLaqAiHYSgGMt.2","action":"Commit Response", "result":"SYNCER_OK", "context":Result: SYNCER_OK. cV=fYtYEdfvmnLaqAiHYSgGMt.0;server=GENERAL0100001W;cloudType=Consumer;environment=Prod_WestEurope_x00e;migrationStage=NotStarted}
{"logTime": "1124/085612", "correlationVector":"33eZrqF8ypp1MyWAw2r7hH.0","action":"FeedSettingFetch_homeCloud", "result":"0", "context":{}}
{"logTime": "1124/085612", "correlationVector":"ICZfv66gkkruDlut/iL5U3.1","action":"SyncServerConnectionManagerRequest", "result":"SYNC_SERVER_OK", "context":{"environment":"Prod_NorthEurope_000h", "migrationStage":"NotStarted", "server":"GENERAL0100000L"}}
{"logTime": "1124/085612", "correlationVector":"ICZfv66gkkruDlut/iL5U3","action":"Initial GetUpdates", "result":"", "context":Reason: NEW_CLIENT. cV=ICZfv66gkkruDlut/iL5U3}
{"logTime": "1124/085612", "correlationVector":"ICZfv66gkkruDlut/iL5U3.2","action":"GetUpdates Response", "result":"SYNCER_OK", "context":Received 1 update(s). cV=ICZfv66gkkruDlut/iL5U3.0;server=GENERAL0100000L;cloudType=Consumer;environment=Prod_NorthEurope_000h;migrationStage=NotStarted}
{"logTime": "1124/085612", "correlationVector":"nDwDcnrxXdY2XdDHnJQAdW","action":"Normal GetUpdate request", "result":"", "context":cV=nDwDcnrxXdY2XdDHnJQAdW
Nudged types: Sessions, User Consents
Refresh requested types: Bookmarks, Preferences, Passwords, Autofill Profiles, Autofill, Autofill Custom Data, Typed URLs, Extensions, Sessions, Extension settings, History Delete Directives, Device Info, User Consents, Send Tab To Self, Web Apps, Collection, Edge E Drop, Edge Hub App Usage, Edge Wallet, Encryption Keys}
{"logTime": "1124/085612", "correlationVector":"nDwDcnrxXdY2XdDHnJQAdW.1","action":"SyncServerConnectionManagerRequest", "result":"SYNC_SERVER_OK", "context":{"environment":"Prod_NorthEurope_000h", "migrationStage":"NotStarted", "server":"GENERAL0100000A"}}
{"logTime": "1124/085612", "correlationVector":"nDwDcnrxXdY2XdDHnJQAdW.2","action":"GetUpdates Response", "result":"SYNCER_OK", "context":Received 1 update(s). cV=nDwDcnrxXdY2XdDHnJQAdW.0;server=GENERAL0100000A;cloudType=Consumer;environment=Prod_NorthEurope_000h;migrationStage=NotStarted}
{"logTime": "1124/085612", "correlationVector":"hq/hO/BcNG4lNkyayOG9FK","action":"Commit Request", "result":"", "context":Item count: 4
Contributing types: Sessions, User Consents}
{"logTime": "1124/085612", "correlationVector":"hq/hO/BcNG4lNkyayOG9FK.1","action":"SyncServerConnectionManagerRequest", "result":"SYNC_SERVER_OK", "context":{"environment":"Prod_NorthEurope_x00f", "migrationStage":"NotStarted", "server":"GENERAL01000000"}}
{"logTime": "1124/085612", "correlationVector":"hq/hO/BcNG4lNkyayOG9FK.2","action":"Commit Response", "result":"SYNCER_OK", "context":Result: SYNCER_OK. cV=hq/hO/BcNG4lNkyayOG9FK.0;server=GENERAL01000000;cloudType=Consumer;environment=Prod_NorthEurope_x00f;migrationStage=NotStarted}
{"logTime": "1124/085926", "correlationVector":"Eo0M+ernikUXIP6EigHXC2.0","action":"FeedSettingFetch_homeCloud", "result":"0", "context":{}}
{"logTime": "1124/085926", "correlationVector":"4Q7IGuvqTdUVhObBtyHKl0.1","action":"SyncServerConnectionManagerRequest", "result":"SYNC_SERVER_OK", "context":{"environment":"Prod_WestEurope_x00e", "migrationStage":"NotStarted", "server":"GENERAL0100000O"}}
{"logTime": "1124/085926", "correlationVector":"4Q7IGuvqTdUVhObBtyHKl0","action":"Initial GetUpdates", "result":"", "context":Reason: NEW_CLIENT. cV=4Q7IGuvqTdUVhObBtyHKl0}
{"logTime": "1124/085926", "correlationVector":"4Q7IGuvqTdUVhObBtyHKl0.2","action":"GetUpdates Response", "result":"SYNCER_OK", "context":Received 1 update(s). cV=4Q7IGuvqTdUVhObBtyHKl0.0;server=GENERAL0100000O;cloudType=Consumer;environment=Prod_WestEurope_x00e;migrationStage=NotStarted}
{"logTime": "1124/085926", "correlationVector":"jQ1OFg6QLaxKEFxJbFfTMR","action":"Normal GetUpdate request", "result":"", "context":cV=jQ1OFg6QLaxKEFxJbFfTMR
Nudged types: Sessions, User Consents
Refresh requested types: Bookmarks, Preferences, Passwords, Autofill Profiles, Autofill, Autofill Custom Data, Typed URLs, Extensions, Sessions, Extension settings, History Delete Directives, Device Info, User Consents, Send Tab To Self, Web Apps, Collection, Edge E Drop, Edge Hub App Usage, Edge Wallet, Encryption Keys}
{"logTime": "1124/085926", "correlationVector":"jQ1OFg6QLaxKEFxJbFfTMR.1","action":"SyncServerConnectionManagerRequest", "result":"SYNC_SERVER_OK", "context":{"environment":"Prod_WestEurope_x00e", "migrationStage":"NotStarted", "server":"GENERAL01000000"}}
{"logTime": "1124/085926", "correlationVector":"jQ1OFg6QLaxKEFxJbFfTMR.2","action":"GetUpdates Response", "result":"SYNCER_OK", "context":Received 3 update(s). cV=jQ1OFg6QLaxKEFxJbFfTMR.0;server=GENERAL01000000;cloudType=Consumer;environment=Prod_WestEurope_x00e;migrationStage=NotStarted}
{"logTime": "1124/085926", "correlationVector":"x0xBjZBeulNNDY/ayZ7oUI","action":"Commit Request", "result":"", "context":Item count: 4
Contributing types: Sessions, User Consents}
{"logTime": "1124/085926", "correlationVector":"x0xBjZBeulNNDY/ayZ7oUI.1","action":"SyncServerConnectionManagerRequest", "result":"SYNC_SERVER_OK", "context":{"environment":"Prod_WestEurope_x00e", "migrationStage":"NotStarted", "server":"GENERAL0100000L"}}
{"logTime": "1124/085926", "correlationVector":"x0xBjZBeulNNDY/ayZ7oUI.2","action":"Commit Response", "result":"SYNCER_OK", "context":Result: SYNCER_OK. cV=x0xBjZBeulNNDY/ayZ7oUI.0;server=GENERAL0100000L;cloudType=Consumer;environment=Prod_WestEurope_x00e;migrationStage=NotStarted}
{"logTime": "1124/085954", "correlationVector":"OQQtQtkIBLsloiX0O47tMb","action":"SyncServerConnectionManagerRequest", "result":"SYNC_SERVER_OK", "context":{"environment":"", "migrationStage":"", "server":""}}
{"logTime": "1124/085954", "correlationVector":"seFHLH21o3iw0AZBwlU91W","action":"Normal GetUpdate request", "result":"", "context":cV=seFHLH21o3iw0AZBwlU91W
Nudged types: Sessions}
{"logTime": "1124/085954", "correlationVector":"seFHLH21o3iw0AZBwlU91W.1","action":"SyncServerConnectionManagerRequest", "result":"SYNC_SERVER_OK", "context":{"environment":"Prod_WestEurope_000l", "migrationStage":"NotStarted", "server":"GENERAL01000022"}}
{"logTime": "1124/085954", "correlationVector":"seFHLH21o3iw0AZBwlU91W.2","action":"GetUpdates Response", "result":"SYNCER_OK", "context":Received 3 update(s). cV=seFHLH21o3iw0AZBwlU91W.0;server=GENERAL01000022;cloudType=Consumer;environment=Prod_WestEurope_000l;migrationStage=NotStarted}
{"logTime": "1124/085954", "correlationVector":"Pjuinw2/obuTPQjqyI9gBB","action":"Commit Request", "result":"", "context":Item count: 2
Contributing types: Sessions}
{"logTime": "1124/085954", "correlationVector":"Pjuinw2/obuTPQjqyI9gBB.1","action":"SyncServerConnectionManagerRequest", "result":"SYNC_SERVER_OK", "context":{"environment":"Prod_WestEurope_x00e", "migrationStage":"NotStarted", "server":"GENERAL0100000J"}}
{"logTime": "1124/085954", "correlationVector":"Pjuinw2/obuTPQjqyI9gBB.3","action":"Commit.Sessions", "result":"Success", "context":{"id":"3dc68d57-d384-488d-a061-1215f4b35bc8", "isDeleted":"true", "size":"0", "version":"1700816363411"}}
{"logTime": "1124/085954", "correlationVector":"Pjuinw2/obuTPQjqyI9gBB.2","action":"Commit Response", "result":"SYNCER_OK", "context":Result: SYNCER_OK. cV=Pjuinw2/obuTPQjqyI9gBB.0;server=GENERAL0100000J;cloudType=Consumer;environment=Prod_WestEurope_x00e;migrationStage=NotStarted}
{"logTime": "1124/085954", "correlationVector":"WI1bz9T1heVHC7gSnHN059","action":"Normal GetUpdate request", "result":"", "context":cV=WI1bz9T1heVHC7gSnHN059
Nudged types: Sessions
Refresh requested types: Bookmarks, Preferences, Passwords, Autofill Profiles, Autofill, Autofill Custom Data, Typed URLs, Extensions, Sessions, Extension settings, History Delete Directives, Device Info, User Consents, Send Tab To Self, Web Apps, Collection, Edge E Drop, Edge Hub App Usage, Edge Wallet, Encryption Keys}
{"logTime": "1124/085954", "correlationVector":"WI1bz9T1heVHC7gSnHN059.1","action":"SyncServerConnectionManagerRequest", "result":"SYNC_SERVER_OK", "context":{"environment":"Prod_WestEurope_x00e", "migrationStage":"NotStarted", "server":"GENERAL0100001X"}}
{"logTime": "1124/085954", "correlationVector":"WI1bz9T1heVHC7gSnHN059.2","action":"GetUpdates", "result":"DeleteReceived", "context":{"id":"3dc68d57-d384-488d-a061-1215f4b35bc8", "isDeleted:":"true", "version":"1700816394398"}}
{"logTime": "1124/085954", "correlationVector":"WI1bz9T1heVHC7gSnHN059.3","action":"GetUpdates Response", "result":"SYNCER_OK", "context":Received 2 update(s). cV=WI1bz9T1heVHC7gSnHN059.0;server=GENERAL0100001X;cloudType=Consumer;environment=Prod_WestEurope_x00e;migrationStage=NotStarted}
{"logTime": "1124/090108", "correlationVector":"tySFt2W4YxBPHH2SnE/BZc","action":"Commit Request", "result":"", "context":Item count: 1
Contributing types: Sessions}
{"logTime": "1124/090108", "correlationVector":"tySFt2W4YxBPHH2SnE/BZc.1","action":"SyncServerConnectionManagerRequest", "result":"SYNC_SERVER_OK", "context":{"environment":"Prod_WestEurope_x00e", "migrationStage":"NotStarted", "server":"GENERAL0100000Q"}}
{"logTime": "1124/090108", "correlationVector":"tySFt2W4YxBPHH2SnE/BZc.2","action":"Commit Response", "result":"SYNCER_OK", "context":Result: SYNCER_OK. cV=tySFt2W4YxBPHH2SnE/BZc.0;server=GENERAL0100000Q;cloudType=Consumer;environment=Prod_WestEurope_x00e;migrationStage=NotStarted}
{"logTime": "1124/090138", "correlationVector":"f/uaaNf6GgI3YEuTkaYdep","action":"Commit Request", "result":"", "context":Item count: 1
Contributing types: Sessions}
{"logTime": "1124/090138", "correlationVector":"f/uaaNf6GgI3YEuTkaYdep.1","action":"SyncServerConnectionManagerRequest", "result":"SYNC_SERVER_OK", "context":{"environment":"Prod_WestEurope_x00e", "migrationStage":"NotStarted", "server":"GENERAL0100001X"}}
{"logTime": "1124/090138", "correlationVector":"f/uaaNf6GgI3YEuTkaYdep.2","action":"Commit Response", "result":"SYNCER_OK", "context":Result: SYNCER_OK. cV=f/uaaNf6GgI3YEuTkaYdep.0;server=GENERAL0100001X;cloudType=Consumer;environment=Prod_WestEurope_x00e;migrationStage=NotStarted}
{"logTime": "1124/090347", "correlationVector":"tAI+4saIV+iQ7QZn23QlgZ","action":"Commit Request", "result":"", "context":Item count: 1
Contributing types: Sessions}
{"logTime": "1124/090347", "correlationVector":"tAI+4saIV+iQ7QZn23QlgZ.1","action":"SyncServerConnectionManagerRequest", "result":"SYNC_SERVER_OK", "context":{"environment":"Prod_WestEurope_x00e", "migrationStage":"NotStarted", "server":"GENERAL01000004"}}
{"logTime": "1124/090347", "correlationVector":"tAI+4saIV+iQ7QZn23QlgZ.2","action":"Commit Response", "result":"SYNCER_OK", "context":Result: SYNCER_OK. cV=tAI+4saIV+iQ7QZn23QlgZ.0;server=GENERAL01000004;cloudType=Consumer;environment=Prod_WestEurope_x00e;migrationStage=NotStarted}
{"logTime": "1124/090418", "correlationVector":"JUA1GnDbwTroFKS5VPSbOh","action":"Normal GetUpdate request", "result":"", "context":cV=JUA1GnDbwTroFKS5VPSbOh
Refresh requested types: Bookmarks, Preferences, Passwords, Autofill Profiles, Autofill, Autofill Custom Data, Typed URLs, Extensions, Sessions, Extension settings, History Delete Directives, Device Info, User Consents, Send Tab To Self, Web Apps, Collection, Edge E Drop, Edge Hub App Usage, Edge Wallet, Encryption Keys}
{"logTime": "1124/090419", "correlationVector":"JUA1GnDbwTroFKS5VPSbOh.0","action":"SyncServerConnectionManagerRequest", "result":"SYNC_SERVER_ERROR", "context":{"environment":"", "error_type":"http_status_code", "error_value":"502", "migrationStage":"", "server":""}}
{"logTime": "1124/090419", "correlationVector":"JUA1GnDbwTroFKS5VPSbOh.1","action":"GetUpdates Response", "result":"SYNC_SERVER_ERROR (HTTP 502)", "context":Received error: SYNC_SERVER_ERROR (HTTP 502). }
{"logTime": "1124/132325", "correlationVector":"uyMYG/16LSbFbd/LEQZCbX.0","action":"FeedSettingFetch_homeCloud", "result":"0", "context":{}}
{"logTime": "1124/132325", "correlationVector":"gqa6Y0SANF5AcI7P7/6BXP.1","action":"SyncServerConnectionManagerRequest", "result":"SYNC_SERVER_OK", "context":{"environment":"Prod_NorthEurope_000h", "migrationStage":"NotStarted", "server":"GENERAL01000003"}}
{"logTime": "1124/132326", "correlationVector":"gqa6Y0SANF5AcI7P7/6BXP","action":"Initial GetUpdates", "result":"", "context":Reason: NEW_CLIENT. cV=gqa6Y0SANF5AcI7P7/6BXP}
{"logTime": "1124/132326", "correlationVector":"gqa6Y0SANF5AcI7P7/6BXP.2","action":"GetUpdates Response", "result":"SYNCER_OK", "context":Received 1 update(s). cV=gqa6Y0SANF5AcI7P7/6BXP.0;server=GENERAL01000003;cloudType=Consumer;environment=Prod_NorthEurope_000h;migrationStage=NotStarted}
{"logTime": "1124/132326", "correlationVector":"4sFFdfvvxqCdZpgI++fkHz","action":"Normal GetUpdate request", "result":"", "context":cV=4sFFdfvvxqCdZpgI++fkHz
Nudged types: Sessions, Device Info, User Consents
Refresh requested types: Bookmarks, Preferences, Passwords, Autofill Profiles, Autofill, Autofill Custom Data, Typed URLs, Extensions, Sessions, Extension settings, History Delete Directives, Device Info, User Consents, Send Tab To Self, Web Apps, Collection, Edge E Drop, Edge Hub App Usage, Edge Wallet, Encryption Keys}
{"logTime": "1124/132326", "correlationVector":"4sFFdfvvxqCdZpgI++fkHz.1","action":"SyncServerConnectionManagerRequest", "result":"SYNC_SERVER_OK", "context":{"environment":"Prod_WestEurope_x00e", "migrationStage":"NotStarted", "server":"GENERAL01000017"}}
{"logTime": "1124/132326", "correlationVector":"4sFFdfvvxqCdZpgI++fkHz.2","action":"GetUpdates", "result":"DeleteReceived", "context":{"id":"4a0c71ef-87ac-46b7-a2fa-1747c68b38ef", "isDeleted:":"true", "version":"1700831286462"}}
{"logTime": "1124/132326", "correlationVector":"4sFFdfvvxqCdZpgI++fkHz.3","action":"GetUpdates Response", "result":"SYNCER_OK", "context":Received 4 update(s). cV=4sFFdfvvxqCdZpgI++fkHz.0;server=GENERAL01000017;cloudType=Consumer;environment=Prod_WestEurope_x00e;migrationStage=NotStarted}
{"logTime": "1124/132326", "correlationVector":"AEP4iVdLBCHvHcM/dNQhVR","action":"Commit Request", "result":"", "context":Item count: 1
Contributing types: User Consents}
{"logTime": "1124/132326", "correlationVector":"AEP4iVdLBCHvHcM/dNQhVR.1","action":"SyncServerConnectionManagerRequest", "result":"SYNC_SERVER_OK", "context":{"environment":"Prod_NorthEurope_000h", "migrationStage":"NotStarted", "server":"GENERAL01000019"}}
{"logTime": "1124/132326", "correlationVector":"AEP4iVdLBCHvHcM/dNQhVR.2","action":"Commit Response", "result":"SYNCER_OK", "context":Result: SYNCER_OK. cV=AEP4iVdLBCHvHcM/dNQhVR.0;server=GENERAL01000019;cloudType=Consumer;environment=Prod_NorthEurope_000h;migrationStage=NotStarted}
{"logTime": "1124/132807", "correlationVector":"lSBj8F7zSPANd6s306xFf3.0","action":"FeedSettingFetch_homeCloud", "result":"0", "context":{}}
{"logTime": "1124/132807", "correlationVector":"jVUHqErGFy9rqWKc8HHKbH.1","action":"SyncServerConnectionManagerRequest", "result":"SYNC_SERVER_OK", "context":{"environment":"Prod_NorthEurope_000h", "migrationStage":"NotStarted", "server":"GENERAL01000009"}}
{"logTime": "1124/132807", "correlationVector":"jVUHqErGFy9rqWKc8HHKbH","action":"Initial GetUpdates", "result":"", "context":Reason: NEW_CLIENT. cV=jVUHqErGFy9rqWKc8HHKbH}
{"logTime": "1124/132808", "correlationVector":"jVUHqErGFy9rqWKc8HHKbH.2","action":"GetUpdates Response", "result":"SYNCER_OK", "context":Received 1 update(s). cV=jVUHqErGFy9rqWKc8HHKbH.0;server=GENERAL01000009;cloudType=Consumer;environment=Prod_NorthEurope_000h;migrationStage=NotStarted}
{"logTime": "1124/132808", "correlationVector":"NJ1Klhl6QlzfIekmh83Hap","action":"Normal GetUpdate request", "result":"", "context":cV=NJ1Klhl6QlzfIekmh83Hap
Nudged types: Sessions, User Consents
Refresh requested types: Bookmarks, Preferences, Passwords, Autofill Profiles, Autofill, Autofill Custom Data, Typed URLs, Extensions, Sessions, Extension settings, History Delete Directives, Device Info, User Consents, Send Tab To Self, Web Apps, Collection, Edge E Drop, Edge Hub App Usage, Edge Wallet, Encryption Keys}
{"logTime": "1124/132808", "correlationVector":"NJ1Klhl6QlzfIekmh83Hap.1","action":"SyncServerConnectionManagerRequest", "result":"SYNC_SERVER_OK", "context":{"environment":"Prod_NorthEurope_000h", "migrationStage":"NotStarted", "server":"GENERAL0100000J"}}
{"logTime": "1124/132808", "correlationVector":"NJ1Klhl6QlzfIekmh83Hap.2","action":"GetUpdates Response", "result":"SYNCER_OK", "context":Received 1 update(s). cV=NJ1Klhl6QlzfIekmh83Hap.0;server=GENERAL0100000J;cloudType=Consumer;environment=Prod_NorthEurope_000h;migrationStage=NotStarted}
{"logTime": "1124/132808", "correlationVector":"HnuRvZcyssqLtiVgHxGkOh","action":"Commit Request", "result":"", "context":Item count: 4
Contributing types: Sessions, User Consents}
{"logTime": "1124/132808", "correlationVector":"HnuRvZcyssqLtiVgHxGkOh.1","action":"SyncServerConnectionManagerRequest", "result":"SYNC_SERVER_OK", "context":{"environment":"Prod_NorthEurope_000h", "migrationStage":"NotStarted", "server":"GENERAL0100000G"}}
{"logTime": "1124/132808", "correlationVector":"HnuRvZcyssqLtiVgHxGkOh.2","action":"Commit Response", "result":"SYNCER_OK", "context":Result: SYNCER_OK. cV=HnuRvZcyssqLtiVgHxGkOh.0;server=GENERAL0100000G;cloudType=Consumer;environment=Prod_NorthEurope_000h;migrationStage=NotStarted}
{"logTime": "1124/132830", "correlationVector":"GNl592OM6ovRZQXdlC33fW","action":"SyncServerConnectionManagerRequest", "result":"SYNC_SERVER_OK", "context":{"environment":"", "migrationStage":"", "server":""}}
{"logTime": "1124/132830", "correlationVector":"BVHF6UnNd2a7u15T4hHuwh","action":"Normal GetUpdate request", "result":"", "context":cV=BVHF6UnNd2a7u15T4hHuwh
Nudged types: Sessions}
{"logTime": "1124/132830", "correlationVector":"BVHF6UnNd2a7u15T4hHuwh.1","action":"SyncServerConnectionManagerRequest", "result":"SYNC_SERVER_OK", "context":{"environment":"Prod_NorthEurope_000h", "migrationStage":"NotStarted", "server":"GENERAL0100002J"}}
{"logTime": "1124/132830", "correlationVector":"BVHF6UnNd2a7u15T4hHuwh.2","action":"GetUpdates Response", "result":"SYNCER_OK", "context":Received 3 update(s). cV=BVHF6UnNd2a7u15T4hHuwh.0;server=GENERAL0100002J;cloudType=Consumer;environment=Prod_NorthEurope_000h;migrationStage=NotStarted}
{"logTime": "1124/132830", "correlationVector":"url5OvQQd5YftKlfEz+tpU","action":"Commit Request", "result":"", "context":Item count: 2
Contributing types: Sessions}
{"logTime": "1124/132830", "correlationVector":"url5OvQQd5YftKlfEz+tpU.1","action":"SyncServerConnectionManagerRequest", "result":"SYNC_SERVER_OK", "context":{"environment":"Prod_NorthEurope_000h", "migrationStage":"NotStarted", "server":"GENERAL0100001R"}}
{"logTime": "1124/132830", "correlationVector":"url5OvQQd5YftKlfEz+tpU.3","action":"Commit.Sessions", "result":"Success", "context":{"id":"4b6e8b0b-5c4c-4b1d-b521-b7b824c32837", "isDeleted":"true", "size":"0", "version":"1700832479131"}}
{"logTime": "1124/132830", "correlationVector":"url5OvQQd5YftKlfEz+tpU.2","action":"Commit Response", "result":"SYNCER_OK", "context":Result: SYNCER_OK. cV=url5OvQQd5YftKlfEz+tpU.0;server=GENERAL0100001R;cloudType=Consumer;environment=Prod_NorthEurope_000h;migrationStage=NotStarted}
{"logTime": "1124/132830", "correlationVector":"ebEs+/8NfKsGXnE+xqIKjW","action":"Normal GetUpdate request", "result":"", "context":cV=ebEs+/8NfKsGXnE+xqIKjW
Nudged types: Sessions
Refresh requested types: Bookmarks, Preferences, Passwords, Autofill Profiles, Autofill, Autofill Custom Data, Typed URLs, Extensions, Sessions, Extension settings, History Delete Directives, Device Info, User Consents, Send Tab To Self, Web Apps, Collection, Edge E Drop, Edge Hub App Usage, Edge Wallet, Encryption Keys}
{"logTime": "1124/132830", "correlationVector":"ebEs+/8NfKsGXnE+xqIKjW.1","action":"SyncServerConnectionManagerRequest", "result":"SYNC_SERVER_OK", "context":{"environment":"Prod_NorthEurope_000h", "migrationStage":"NotStarted", "server":"GENERAL0100000O"}}
{"logTime": "1124/132830", "correlationVector":"ebEs+/8NfKsGXnE+xqIKjW.2","action":"GetUpdates", "result":"DeleteReceived", "context":{"id":"4b6e8b0b-5c4c-4b1d-b521-b7b824c32837", "isDeleted:":"true", "version":"1700832510090"}}
{"logTime": "1124/132830", "correlationVector":"ebEs+/8NfKsGXnE+xqIKjW.3","action":"GetUpdates Response", "result":"SYNCER_OK", "context":Received 2 update(s). cV=ebEs+/8NfKsGXnE+xqIKjW.0;server=GENERAL0100000O;cloudType=Consumer;environment=Prod_NorthEurope_000h;migrationStage=NotStarted}
{"logTime": "1124/132900", "correlationVector":"p/2bG9yG3mKxerk2Lk3ct4","action":"Normal GetUpdate request", "result":"", "context":cV=p/2bG9yG3mKxerk2Lk3ct4
Nudged types: Sessions}
{"logTime": "1124/132900", "correlationVector":"p/2bG9yG3mKxerk2Lk3ct4.1","action":"SyncServerConnectionManagerRequest", "result":"SYNC_SERVER_OK", "context":{"environment":"Prod_NorthEurope_000h", "migrationStage":"NotStarted", "server":"GENERAL01000007"}}
{"logTime": "1124/132900", "correlationVector":"p/2bG9yG3mKxerk2Lk3ct4.2","action":"GetUpdates Response", "result":"SYNCER_OK", "context":Received 0 update(s). cV=p/2bG9yG3mKxerk2Lk3ct4.0;server=GENERAL01000007;cloudType=Consumer;environment=Prod_NorthEurope_000h;migrationStage=NotStarted}
{"logTime": "1124/132900", "correlationVector":"lQ42Eihl3UjONL5zr7GHnD","action":"Commit Request", "result":"", "context":Item count: 1
Contributing types: Sessions}
{"logTime": "1124/132900", "correlationVector":"lQ42Eihl3UjONL5zr7GHnD.1","action":"SyncServerConnectionManagerRequest", "result":"SYNC_SERVER_OK", "context":{"environment":"Prod_NorthEurope_000h", "migrationStage":"NotStarted", "server":"GENERAL0100001G"}}
{"logTime": "1124/132900", "correlationVector":"lQ42Eihl3UjONL5zr7GHnD.2","action":"Commit Response", "result":"SYNCER_OK", "context":Result: SYNCER_OK. cV=lQ42Eihl3UjONL5zr7GHnD.0;server=GENERAL0100001G;cloudType=Consumer;environment=Prod_NorthEurope_000h;migrationStage=NotStarted}
{"logTime": "1124/132930", "correlationVector":"Idv8X4sNfor9P436RKuWdq","action":"Normal GetUpdate request", "result":"", "context":cV=Idv8X4sNfor9P436RKuWdq
Nudged types: Sessions}
{"logTime": "1124/132930", "correlationVector":"Idv8X4sNfor9P436RKuWdq.1","action":"SyncServerConnectionManagerRequest", "result":"SYNC_SERVER_OK", "context":{"environment":"Prod_WestEurope_x00e", "migrationStage":"NotStarted", "server":"GENERAL0100002B"}}
{"logTime": "1124/132930", "correlationVector":"Idv8X4sNfor9P436RKuWdq.2","action":"GetUpdates Response", "result":"SYNCER_OK", "context":Received 1 update(s). cV=Idv8X4sNfor9P436RKuWdq.0;server=GENERAL0100002B;cloudType=Consumer;environment=Prod_WestEurope_x00e;migrationStage=NotStarted}
{"logTime": "1124/132930", "correlationVector":"UDeRl8goAU/HHwdbFFIdSV","action":"Commit Request", "result":"", "context":Item count: 1
Contributing types: Sessions}
{"logTime": "1124/132930", "correlationVector":"UDeRl8goAU/HHwdbFFIdSV.1","action":"SyncServerConnectionManagerRequest", "result":"SYNC_SERVER_OK", "context":{"environment":"Prod_WestEurope_x00e", "migrationStage":"NotStarted", "server":"GENERAL0100000D"}}
{"logTime": "1124/132930", "correlationVector":"UDeRl8goAU/HHwdbFFIdSV.2","action":"Commit Response", "result":"SYNCER_OK", "context":Result: SYNCER_OK. cV=UDeRl8goAU/HHwdbFFIdSV.0;server=GENERAL0100000D;cloudType=Consumer;environment=Prod_WestEurope_x00e;migrationStage=NotStarted}
{"logTime": "1124/133000", "correlationVector":"3uk6hlpEDQSs433agybYHe","action":"Normal GetUpdate request", "result":"", "context":cV=3uk6hlpEDQSs433agybYHe
Nudged types: Sessions}
{"logTime": "1124/133000", "correlationVector":"3uk6hlpEDQSs433agybYHe.1","action":"SyncServerConnectionManagerRequest", "result":"SYNC_SERVER_OK", "context":{"environment":"Prod_NorthEurope_000h", "migrationStage":"NotStarted", "server":"GENERAL01000015"}}
{"logTime": "1124/133000", "correlationVector":"3uk6hlpEDQSs433agybYHe.2","action":"GetUpdates Response", "result":"SYNCER_OK", "context":Received 1 update(s). cV=3uk6hlpEDQSs433agybYHe.0;server=GENERAL01000015;cloudType=Consumer;environment=Prod_NorthEurope_000h;migrationStage=NotStarted}
{"logTime": "1124/133001", "correlationVector":"JQ3vox1+ZikkiPvyBcE9k8","action":"Commit Request", "result":"", "context":Item count: 1
Contributing types: Sessions}
{"logTime": "1124/133001", "correlationVector":"JQ3vox1+ZikkiPvyBcE9k8.1","action":"SyncServerConnectionManagerRequest", "result":"SYNC_SERVER_OK", "context":{"environment":"Prod_NorthEurope_000h", "migrationStage":"NotStarted", "server":"GENERAL0100001H"}}
{"logTime": "1124/133001", "correlationVector":"JQ3vox1+ZikkiPvyBcE9k8.2","action":"Commit Response", "result":"SYNCER_OK", "context":Result: SYNCER_OK. cV=JQ3vox1+ZikkiPvyBcE9k8.0;server=GENERAL0100001H;cloudType=Consumer;environment=Prod_NorthEurope_000h;migrationStage=NotStarted}
{"logTime": "1124/133031", "correlationVector":"PGQBAqxxad0yQzQH7m6oTb","action":"Normal GetUpdate request", "result":"", "context":cV=PGQBAqxxad0yQzQH7m6oTb
Nudged types: Sessions}
{"logTime": "1124/133031", "correlationVector":"PGQBAqxxad0yQzQH7m6oTb.1","action":"SyncServerConnectionManagerRequest", "result":"SYNC_SERVER_OK", "context":{"environment":"Prod_WestEurope_x00e", "migrationStage":"NotStarted", "server":"GENERAL0100001C"}}
{"logTime": "1124/133031", "correlationVector":"PGQBAqxxad0yQzQH7m6oTb.2","action":"GetUpdates Response", "result":"SYNCER_OK", "context":Received 1 update(s). cV=PGQBAqxxad0yQzQH7m6oTb.0;server=GENERAL0100001C;cloudType=Consumer;environment=Prod_WestEurope_x00e;migrationStage=NotStarted}
{"logTime": "1124/133122", "correlationVector":"qsfBOak3rJzzD+nbiyYcEx","action":"Normal GetUpdate request", "result":"", "context":cV=qsfBOak3rJzzD+nbiyYcEx
Nudged types: Sessions}
{"logTime": "1124/133122", "correlationVector":"qsfBOak3rJzzD+nbiyYcEx.1","action":"SyncServerConnectionManagerRequest", "result":"SYNC_SERVER_OK", "context":{"environment":"Prod_NorthEurope_000h", "migrationStage":"NotStarted", "server":"GENERAL0100001T"}}
{"logTime": "1124/133122", "correlationVector":"qsfBOak3rJzzD+nbiyYcEx.2","action":"GetUpdates Response", "result":"SYNCER_OK", "context":Received 0 update(s). cV=qsfBOak3rJzzD+nbiyYcEx.0;server=GENERAL0100001T;cloudType=Consumer;environment=Prod_NorthEurope_000h;migrationStage=NotStarted}
{"logTime": "1124/133122", "correlationVector":"y0DMwWKkOLtovUdT+iDb0E","action":"Commit Request", "result":"", "context":Item count: 1
Contributing types: Sessions}
{"logTime": "1124/133122", "correlationVector":"y0DMwWKkOLtovUdT+iDb0E.1","action":"SyncServerConnectionManagerRequest", "result":"SYNC_SERVER_OK", "context":{"environment":"Prod_WestEurope_x00e", "migrationStage":"NotStarted", "server":"GENERAL0100002L"}}
{"logTime": "1124/133122", "correlationVector":"y0DMwWKkOLtovUdT+iDb0E.2","action":"Commit Response", "result":"SYNCER_OK", "context":Result: SYNCER_OK. cV=y0DMwWKkOLtovUdT+iDb0E.0;server=GENERAL0100002L;cloudType=Consumer;environment=Prod_WestEurope_x00e;migrationStage=NotStarted}
{"logTime": "1124/133152", "correlationVector":"43O06Or2QKFYSsNqSPEXu8","action":"Normal GetUpdate request", "result":"", "context":cV=43O06Or2QKFYSsNqSPEXu8
Nudged types: Sessions}
{"logTime": "1124/133153", "correlationVector":"43O06Or2QKFYSsNqSPEXu8.1","action":"SyncServerConnectionManagerRequest", "result":"SYNC_SERVER_OK", "context":{"environment":"Prod_NorthEurope_000h", "migrationStage":"NotStarted", "server":"GENERAL0100000P"}}
{"logTime": "1124/133153", "correlationVector":"43O06Or2QKFYSsNqSPEXu8.2","action":"GetUpdates Response", "result":"SYNCER_OK", "context":Received 1 update(s). cV=43O06Or2QKFYSsNqSPEXu8.0;server=GENERAL0100000P;cloudType=Consumer;environment=Prod_NorthEurope_000h;migrationStage=NotStarted}
{"logTime": "1124/133259", "correlationVector":"P+pft3y+zJhgB9sUdU7lCD","action":"Normal GetUpdate request", "result":"", "context":cV=P+pft3y+zJhgB9sUdU7lCD
Refresh requested types: Bookmarks, Preferences, Passwords, Autofill Profiles, Autofill, Autofill Custom Data, Typed URLs, Extensions, Sessions, Extension settings, History Delete Directives, Device Info, User Consents, Send Tab To Self, Web Apps, Collection, Edge E Drop, Edge Hub App Usage, Edge Wallet, Encryption Keys}
{"logTime": "1124/133259", "correlationVector":"P+pft3y+zJhgB9sUdU7lCD.1","action":"SyncServerConnectionManagerRequest", "result":"SYNC_SERVER_OK", "context":{"environment":"Prod_WestEurope_x00e", "migrationStage":"NotStarted", "server":"GENERAL0100001W"}}
{"logTime": "1124/133259", "correlationVector":"P+pft3y+zJhgB9sUdU7lCD.2","action":"GetUpdates Response", "result":"SYNCER_OK", "context":Received 0 update(s). cV=P+pft3y+zJhgB9sUdU7lCD.0;server=GENERAL0100001W;cloudType=Consumer;environment=Prod_WestEurope_x00e;migrationStage=NotStarted}
{"logTime": "1124/134908", "correlationVector":"FK4yCYGfqtc9jQpO57gL8W.0","action":"FeedSettingFetch_homeCloud", "result":"0", "context":{}}
{"logTime": "1124/134908", "correlationVector":"3ZgfnMD1EolWqFDBvcQ3Z4.1","action":"SyncServerConnectionManagerRequest", "result":"SYNC_SERVER_OK", "context":{"environment":"Prod_NorthEurope_000h", "migrationStage":"NotStarted", "server":"GENERAL0100002H"}}
{"logTime": "1124/134908", "correlationVector":"3ZgfnMD1EolWqFDBvcQ3Z4","action":"Initial GetUpdates", "result":"", "context":Reason: NEW_CLIENT. cV=3ZgfnMD1EolWqFDBvcQ3Z4}
{"logTime": "1124/134908", "correlationVector":"3ZgfnMD1EolWqFDBvcQ3Z4.2","action":"GetUpdates Response", "result":"SYNCER_OK", "context":Received 1 update(s). cV=3ZgfnMD1EolWqFDBvcQ3Z4.0;server=GENERAL0100002H;cloudType=Consumer;environment=Prod_NorthEurope_000h;migrationStage=NotStarted}
{"logTime": "1124/134908", "correlationVector":"iskKLn9QvW80Y+GzmpKztW","action":"SyncServerConnectionManagerRequest", "result":"SYNC_SERVER_OK", "context":{"environment":"", "migrationStage":"", "server":""}}
{"logTime": "1124/134908", "correlationVector":"aGsOjxIl5ZYjwUEmoehEBP","action":"Normal GetUpdate request", "result":"", "context":cV=aGsOjxIl5ZYjwUEmoehEBP
Nudged types: Sessions, User Consents
Refresh requested types: Bookmarks, Preferences, Passwords, Autofill Profiles, Autofill, Autofill Custom Data, Typed URLs, Extensions, Sessions, Extension settings, History Delete Directives, Device Info, User Consents, Send Tab To Self, Web Apps, Collection, Edge E Drop, Edge Hub App Usage, Edge Wallet, Encryption Keys}
{"logTime": "1124/134908", "correlationVector":"aGsOjxIl5ZYjwUEmoehEBP.1","action":"SyncServerConnectionManagerRequest", "result":"SYNC_SERVER_OK", "context":{"environment":"Prod_WestEurope_x00e", "migrationStage":"NotStarted", "server":"GENERAL01000022"}}
{"logTime": "1124/134908", "correlationVector":"aGsOjxIl5ZYjwUEmoehEBP.2","action":"GetUpdates Response", "result":"SYNCER_OK", "context":Received 0 update(s). cV=aGsOjxIl5ZYjwUEmoehEBP.0;server=GENERAL01000022;cloudType=Consumer;environment=Prod_WestEurope_x00e;migrationStage=NotStarted}
{"logTime": "1124/134908", "correlationVector":"J5uEwcZbByV8Ct2CU+8Z2V","action":"Commit Request", "result":"", "context":Item count: 4
Contributing types: Sessions, User Consents}
{"logTime": "1124/134908", "correlationVector":"J5uEwcZbByV8Ct2CU+8Z2V.1","action":"SyncServerConnectionManagerRequest", "result":"SYNC_SERVER_OK", "context":{"environment":"Prod_NorthEurope_000h", "migrationStage":"NotStarted", "server":"GENERAL01000001"}}
{"logTime": "1124/134908", "correlationVector":"J5uEwcZbByV8Ct2CU+8Z2V.3","action":"Commit.Sessions", "result":"Success", "context":{"id":"d6a17458-8acf-49a2-a192-0a5f84e93364", "isDeleted":"true", "size":"0", "version":"1700832682578"}}
{"logTime": "1124/134908", "correlationVector":"J5uEwcZbByV8Ct2CU+8Z2V.2","action":"Commit Response", "result":"SYNCER_OK", "context":Result: SYNCER_OK. cV=J5uEwcZbByV8Ct2CU+8Z2V.0;server=GENERAL01000001;cloudType=Consumer;environment=Prod_NorthEurope_000h;migrationStage=NotStarted}
{"logTime": "1124/134908", "correlationVector":"DAGJaTTkEW7bmYjqB2ld7J","action":"Normal GetUpdate request", "result":"", "context":cV=DAGJaTTkEW7bmYjqB2ld7J
Nudged types: Sessions
Refresh requested types: Bookmarks, Preferences, Passwords, Autofill Profiles, Autofill, Autofill Custom Data, Typed URLs, Extensions, Sessions, Extension settings, History Delete Directives, Device Info, User Consents, Send Tab To Self, Web Apps, Collection, Edge E Drop, Edge Hub App Usage, Edge Wallet, Encryption Keys}
{"logTime": "1124/134908", "correlationVector":"DAGJaTTkEW7bmYjqB2ld7J.1","action":"SyncServerConnectionManagerRequest", "result":"SYNC_SERVER_OK", "context":{"environment":"Prod_WestEurope_x00e", "migrationStage":"NotStarted", "server":"GENERAL0100002D"}}
{"logTime": "1124/134908", "correlationVector":"DAGJaTTkEW7bmYjqB2ld7J.2","action":"GetUpdates", "result":"DeleteReceived", "context":{"id":"d6a17458-8acf-49a2-a192-0a5f84e93364", "isDeleted:":"true", "version":"1700833739226"}}
{"logTime": "1124/134908", "correlationVector":"DAGJaTTkEW7bmYjqB2ld7J.3","action":"GetUpdates Response", "result":"SYNCER_OK", "context":Received 3 update(s). cV=DAGJaTTkEW7bmYjqB2ld7J.0;server=GENERAL0100002D;cloudType=Consumer;environment=Prod_WestEurope_x00e;migrationStage=NotStarted}
{"logTime": "1124/134935", "correlationVector":"83p5JjiHKVzyr1FKA6A4j7","action":"Commit Request", "result":"", "context":Item count: 1
Contributing types: Sessions}
{"logTime": "1124/134935", "correlationVector":"83p5JjiHKVzyr1FKA6A4j7.1","action":"SyncServerConnectionManagerRequest", "result":"SYNC_SERVER_OK", "context":{"environment":"Prod_WestEurope_x00e", "migrationStage":"NotStarted", "server":"GENERAL0100002F"}}
{"logTime": "1124/134935", "correlationVector":"83p5JjiHKVzyr1FKA6A4j7.2","action":"Commit Response", "result":"SYNCER_OK", "context":Result: SYNCER_OK. cV=83p5JjiHKVzyr1FKA6A4j7.0;server=GENERAL0100002F;cloudType=Consumer;environment=Prod_WestEurope_x00e;migrationStage=NotStarted}
{"logTime": "1124/135359", "correlationVector":"AUAJUh1kH+cPF6HT0WWZFo","action":"Normal GetUpdate request", "result":"", "context":cV=AUAJUh1kH+cPF6HT0WWZFo
Refresh requested types: Bookmarks, Preferences, Passwords, Autofill Profiles, Autofill, Autofill Custom Data, Typed URLs, Extensions, Sessions, Extension settings, History Delete Directives, Device Info, User Consents, Send Tab To Self, Web Apps, Collection, Edge E Drop, Edge Hub App Usage, Edge Wallet, Encryption Keys}
{"logTime": "1124/135359", "correlationVector":"AUAJUh1kH+cPF6HT0WWZFo.1","action":"SyncServerConnectionManagerRequest", "result":"SYNC_SERVER_OK", "context":{"environment":"Prod_NorthEurope_000h", "migrationStage":"NotStarted", "server":"GENERAL0100001P"}}
{"logTime": "1124/135400", "correlationVector":"AUAJUh1kH+cPF6HT0WWZFo.2","action":"GetUpdates Response", "result":"SYNCER_OK", "context":Received 1 update(s). cV=AUAJUh1kH+cPF6HT0WWZFo.0;server=GENERAL0100001P;cloudType=Consumer;environment=Prod_NorthEurope_000h;migrationStage=NotStarted}
{"logTime": "1124/150646", "correlationVector":"iKdF0fBDMC19GwcjI9ICOU.0","action":"FeedSettingFetch_homeCloud", "result":"0", "context":{}}
{"logTime": "1124/150648", "correlationVector":"6m6q3VkxWfCghYigbP7xgv.1","action":"SyncServerConnectionManagerRequest", "result":"SYNC_SERVER_OK", "context":{"environment":"Prod_NorthEurope_000h", "migrationStage":"NotStarted", "server":"GENERAL01000014"}}
{"logTime": "1124/150648", "correlationVector":"6m6q3VkxWfCghYigbP7xgv","action":"Initial GetUpdates", "result":"", "context":Reason: NEW_CLIENT. cV=6m6q3VkxWfCghYigbP7xgv}
{"logTime": "1124/150648", "correlationVector":"6m6q3VkxWfCghYigbP7xgv.2","action":"GetUpdates Response", "result":"SYNCER_OK", "context":Received 1 update(s). cV=6m6q3VkxWfCghYigbP7xgv.0;server=GENERAL01000014;cloudType=Consumer;environment=Prod_NorthEurope_000h;migrationStage=NotStarted}
{"logTime": "1124/150651", "correlationVector":"ol2li055iP+0U+JLwmyg2y","action":"SyncServerConnectionManagerRequest", "result":"SYNC_SERVER_OK", "context":{"environment":"", "migrationStage":"", "server":""}}
{"logTime": "1124/150651", "correlationVector":"6VpFGGTefSbih32FjGwf4z","action":"Normal GetUpdate request", "result":"", "context":cV=6VpFGGTefSbih32FjGwf4z
Nudged types: Sessions, User Consents
Refresh requested types: Bookmarks, Preferences, Passwords, Autofill Profiles, Autofill, Autofill Custom Data, Typed URLs, Extensions, Sessions, Extension settings, History Delete Directives, Device Info, User Consents, Send Tab To Self, Web Apps, Collection, Edge E Drop, Edge Hub App Usage, Edge Wallet, Encryption Keys}
{"logTime": "1124/150652", "correlationVector":"6VpFGGTefSbih32FjGwf4z.1","action":"SyncServerConnectionManagerRequest", "result":"SYNC_SERVER_OK", "context":{"environment":"Prod_WestEurope_x00e", "migrationStage":"NotStarted", "server":"GENERAL0100000Q"}}
{"logTime": "1124/150652", "correlationVector":"6VpFGGTefSbih32FjGwf4z.2","action":"GetUpdates Response", "result":"SYNCER_OK", "context":Received 0 update(s). cV=6VpFGGTefSbih32FjGwf4z.0;server=GENERAL0100000Q;cloudType=Consumer;environment=Prod_WestEurope_x00e;migrationStage=NotStarted}
{"logTime": "1124/150652", "correlationVector":"oWfqag+jqYOKcp0zda49XG","action":"Commit Request", "result":"", "context":Item count: 4
Contributing types: Sessions, User Consents}
{"logTime": "1124/150653", "correlationVector":"oWfqag+jqYOKcp0zda49XG.1","action":"SyncServerConnectionManagerRequest", "result":"SYNC_SERVER_OK", "context":{"environment":"Prod_WestEurope_x00e", "migrationStage":"NotStarted", "server":"GENERAL0100001A"}}
{"logTime": "1124/150653", "correlationVector":"oWfqag+jqYOKcp0zda49XG.3","action":"Commit.Sessions", "result":"Success", "context":{"id":"fc8dc345-aeff-49e5-adc7-8241caa58033", "isDeleted":"true", "size":"0", "version":"1700833773917"}}
{"logTime": "1124/150653", "correlationVector":"oWfqag+jqYOKcp0zda49XG.2","action":"Commit Response", "result":"SYNCER_OK", "context":Result: SYNCER_OK. cV=oWfqag+jqYOKcp0zda49XG.0;server=GENERAL0100001A;cloudType=Consumer;environment=Prod_WestEurope_x00e;migrationStage=NotStarted}
{"logTime": "1124/150653", "correlationVector":"4dJ15qQX/XX3IYhy1vPOUU","action":"Normal GetUpdate request", "result":"", "context":cV=4dJ15qQX/XX3IYhy1vPOUU
Nudged types: Sessions
Refresh requested types: Bookmarks, Preferences, Passwords, Autofill Profiles, Autofill, Autofill Custom Data, Typed URLs, Extensions, Sessions, Extension settings, History Delete Directives, Device Info, User Consents, Send Tab To Self, Web Apps, Collection, Edge E Drop, Edge Hub App Usage, Edge Wallet, Encryption Keys}
{"logTime": "1124/150654", "correlationVector":"4dJ15qQX/XX3IYhy1vPOUU.1","action":"SyncServerConnectionManagerRequest", "result":"SYNC_SERVER_OK", "context":{"environment":"Prod_WestEurope_x00e", "migrationStage":"NotStarted", "server":"GENERAL01000002"}}
{"logTime": "1124/150654", "correlationVector":"4dJ15qQX/XX3IYhy1vPOUU.2","action":"GetUpdates", "result":"DeleteReceived", "context":{"id":"fc8dc345-aeff-49e5-adc7-8241caa58033", "isDeleted:":"true", "version":"1700838411494"}}
{"logTime": "1124/150654", "correlationVector":"4dJ15qQX/XX3IYhy1vPOUU.3","action":"GetUpdates Response", "result":"SYNCER_OK", "context":Received 3 update(s). cV=4dJ15qQX/XX3IYhy1vPOUU.0;server=GENERAL01000002;cloudType=Consumer;environment=Prod_WestEurope_x00e;migrationStage=NotStarted}
{"logTime": "1124/150724", "correlationVector":"neNF2ZEHihfhilOeNc6x1G","action":"Commit Request", "result":"", "context":Item count: 1
Contributing types: Sessions}
{"logTime": "1124/150724", "correlationVector":"neNF2ZEHihfhilOeNc6x1G.1","action":"SyncServerConnectionManagerRequest", "result":"SYNC_SERVER_OK", "context":{"environment":"Prod_WestEurope_x00e", "migrationStage":"NotStarted", "server":"GENERAL0100001X"}}
{"logTime": "1124/150724", "correlationVector":"neNF2ZEHihfhilOeNc6x1G.2","action":"Commit Response", "result":"SYNCER_OK", "context":Result: SYNCER_OK. cV=neNF2ZEHihfhilOeNc6x1G.0;server=GENERAL0100001X;cloudType=Consumer;environment=Prod_WestEurope_x00e;migrationStage=NotStarted}
{"logTime": "1124/150819", "correlationVector":"XJUD6bKdeiEAWhDkkqnoV/","action":"Commit Request", "result":"", "context":Item count: 1
Contributing types: Sessions}
{"logTime": "1124/150820", "correlationVector":"XJUD6bKdeiEAWhDkkqnoV/.1","action":"SyncServerConnectionManagerRequest", "result":"SYNC_SERVER_OK", "context":{"environment":"Prod_NorthEurope_000h", "migrationStage":"NotStarted", "server":"GENERAL01000024"}}
{"logTime": "1124/150820", "correlationVector":"XJUD6bKdeiEAWhDkkqnoV/.2","action":"Commit Response", "result":"SYNCER_OK", "context":Result: SYNCER_OK. cV=XJUD6bKdeiEAWhDkkqnoV/.0;server=GENERAL01000024;cloudType=Consumer;environment=Prod_NorthEurope_000h;migrationStage=NotStarted}
{"logTime": "1124/151145", "correlationVector":"adZum/C1jn5eMNGy3UVWGi","action":"Normal GetUpdate request", "result":"", "context":cV=adZum/C1jn5eMNGy3UVWGi
Nudged types: Preferences
Refresh requested types: Bookmarks, Preferences, Passwords, Autofill Profiles, Autofill, Autofill Custom Data, Typed URLs, Extensions, Sessions, Extension settings, History Delete Directives, Device Info, User Consents, Send Tab To Self, Web Apps, Collection, Edge E Drop, Edge Hub App Usage, Edge Wallet, Encryption Keys}
{"logTime": "1124/151145", "correlationVector":"adZum/C1jn5eMNGy3UVWGi.1","action":"SyncServerConnectionManagerRequest", "result":"SYNC_SERVER_OK", "context":{"environment":"Prod_WestEurope_x00e", "migrationStage":"NotStarted", "server":"GENERAL0100002Q"}}
{"logTime": "1124/151145", "correlationVector":"adZum/C1jn5eMNGy3UVWGi.2","action":"GetUpdates Response", "result":"SYNCER_OK", "context":Received 1 update(s). cV=adZum/C1jn5eMNGy3UVWGi.0;server=GENERAL0100002Q;cloudType=Consumer;environment=Prod_WestEurope_x00e;migrationStage=NotStarted}
{"logTime": "1124/151145", "correlationVector":"fZdB7K9fkKP5W7votubRW6","action":"Commit Request", "result":"", "context":Item count: 1
Contributing types: Preferences}
{"logTime": "1124/151146", "correlationVector":"fZdB7K9fkKP5W7votubRW6.1","action":"SyncServerConnectionManagerRequest", "result":"SYNC_SERVER_OK", "context":{"environment":"Prod_WestEurope_x00e", "migrationStage":"NotStarted", "server":"GENERAL0100001E"}}
{"logTime": "1124/151146", "correlationVector":"fZdB7K9fkKP5W7votubRW6.2","action":"Commit Response", "result":"SYNCER_OK", "context":Result: SYNCER_OK. cV=fZdB7K9fkKP5W7votubRW6.0;server=GENERAL0100001E;cloudType=Consumer;environment=Prod_WestEurope_x00e;migrationStage=NotStarted}
{"logTime": "1124/151420", "correlationVector":"ghfHUIGBo441RcIG5Pzf5l","action":"Commit Request", "result":"", "context":Item count: 1
Contributing types: Sessions}
{"logTime": "1124/151420", "correlationVector":"ghfHUIGBo441RcIG5Pzf5l.1","action":"SyncServerConnectionManagerRequest", "result":"SYNC_SERVER_OK", "context":{"environment":"Prod_WestEurope_x00e", "migrationStage":"NotStarted", "server":"GENERAL0100001A"}}
{"logTime": "1124/151420", "correlationVector":"ghfHUIGBo441RcIG5Pzf5l.2","action":"Commit Response", "result":"SYNCER_OK", "context":Result: SYNCER_OK. cV=ghfHUIGBo441RcIG5Pzf5l.0;server=GENERAL0100001A;cloudType=Consumer;environment=Prod_WestEurope_x00e;migrationStage=NotStarted}
{"logTime": "1124/151645", "correlationVector":"1kSZvYSgmkW3Obg3+cjSb9","action":"Normal GetUpdate request", "result":"", "context":cV=1kSZvYSgmkW3Obg3+cjSb9
Refresh requested types: Bookmarks, Preferences, Passwords, Autofill Profiles, Autofill, Autofill Custom Data, Typed URLs, Extensions, Sessions, Extension settings, History Delete Directives, Device Info, User Consents, Send Tab To Self, Web Apps, Collection, Edge E Drop, Edge Hub App Usage, Edge Wallet, Encryption Keys}
{"logTime": "1124/151645", "correlationVector":"1kSZvYSgmkW3Obg3+cjSb9.1","action":"SyncServerConnectionManagerRequest", "result":"SYNC_SERVER_OK", "context":{"environment":"Prod_WestEurope_000l", "migrationStage":"NotStarted", "server":"GENERAL01000005"}}
{"logTime": "1124/151645", "correlationVector":"1kSZvYSgmkW3Obg3+cjSb9.2","action":"GetUpdates Response", "result":"SYNCER_OK", "context":Received 2 update(s). cV=1kSZvYSgmkW3Obg3+cjSb9.0;server=GENERAL01000005;cloudType=Consumer;environment=Prod_WestEurope_000l;migrationStage=NotStarted}
{"logTime": "1207/134812", "correlationVector":"H4QXuysY0obLSU/jDJ70lX.0","action":"FeedSettingFetch_homeCloud", "result":"0", "context":{}}
{"logTime": "1207/134812", "correlationVector":"ydLSjOAB6vRV6rEgcy7lCu.1","action":"SyncServerConnectionManagerRequest", "result":"SYNC_SERVER_OK", "context":{"environment":"Prod_WestEurope_000l", "migrationStage":"NotStarted", "server":"GENERAL0100001A"}}
{"logTime": "1207/134812", "correlationVector":"ydLSjOAB6vRV6rEgcy7lCu","action":"Initial GetUpdates", "result":"", "context":Reason: NEW_CLIENT. cV=ydLSjOAB6vRV6rEgcy7lCu}
{"logTime": "1207/134812", "correlationVector":"ydLSjOAB6vRV6rEgcy7lCu.2","action":"GetUpdates Response", "result":"SYNCER_OK", "context":Received 1 update(s). cV=ydLSjOAB6vRV6rEgcy7lCu.0;server=GENERAL0100001A;cloudType=Consumer;environment=Prod_WestEurope_000l;migrationStage=NotStarted}
{"logTime": "1207/134812", "correlationVector":"7HsOgJoe6e8VuadL2X+AoA","action":"SyncServerConnectionManagerRequest", "result":"SYNC_SERVER_OK", "context":{"environment":"", "migrationStage":"", "server":""}}
{"logTime": "1207/134812", "correlationVector":"Kr7ia1F9I8yFqcv6Yr7p/F","action":"Normal GetUpdate request", "result":"", "context":cV=Kr7ia1F9I8yFqcv6Yr7p/F
Nudged types: Sessions, Device Info, User Consents
Refresh requested types: Bookmarks, Preferences, Passwords, Autofill Profiles, Autofill, Autofill Custom Data, Typed URLs, Extensions, Sessions, Extension settings, History Delete Directives, Device Info, User Consents, Send Tab To Self, Web Apps, Collection, Edge E Drop, Edge Hub App Usage, Edge Wallet, Encryption Keys}
{"logTime": "1207/134813", "correlationVector":"Kr7ia1F9I8yFqcv6Yr7p/F.1","action":"SyncServerConnectionManagerRequest", "result":"SYNC_SERVER_OK", "context":{"environment":"Prod_WestEurope_000l", "migrationStage":"NotStarted", "server":"GENERAL01000009"}}
{"logTime": "1207/134813", "correlationVector":"Kr7ia1F9I8yFqcv6Yr7p/F.2","action":"GetUpdates", "result":"DeleteReceived", "context":{"id":"1590df22-1f96-4c25-9ffb-0bed026b3309", "isDeleted:":"true", "version":"1701955761872"}}
{"logTime": "1207/134813", "correlationVector":"Kr7ia1F9I8yFqcv6Yr7p/F.3","action":"GetUpdates", "result":"DeleteReceived", "context":{"id":"80e04cfd-0240-408e-b442-7eec56551f3a", "isDeleted:":"true", "version":"1701955761873"}}
{"logTime": "1207/134813", "correlationVector":"Kr7ia1F9I8yFqcv6Yr7p/F.4","action":"GetUpdates", "result":"DeleteReceived", "context":{"id":"04abcc51-b1ba-405f-b109-2e5b1273e39d", "isDeleted:":"true", "version":"1701955761874"}}
{"logTime": "1207/134813", "correlationVector":"Kr7ia1F9I8yFqcv6Yr7p/F.5","action":"GetUpdates", "result":"DeleteReceived", "context":{"id":"e996bc4f-c6f1-404f-b27b-8a3de476f94e", "isDeleted:":"true", "version":"1701955761877"}}
{"logTime": "1207/134813", "correlationVector":"Kr7ia1F9I8yFqcv6Yr7p/F.6","action":"GetUpdates", "result":"DeleteReceived", "context":{"id":"db3885cb-59b3-448f-bab0-1b7b5466e5b2", "isDeleted:":"true", "version":"1701955761878"}}
{"logTime": "1207/134813", "correlationVector":"Kr7ia1F9I8yFqcv6Yr7p/F.7","action":"GetUpdates Response", "result":"SYNCER_OK", "context":Received 10 update(s). cV=Kr7ia1F9I8yFqcv6Yr7p/F.0;server=GENERAL01000009;cloudType=Consumer;environment=Prod_WestEurope_000l;migrationStage=NotStarted}
{"logTime": "1207/134813", "correlationVector":"zDSwGNIssVWc+8TdizSv5F","action":"Commit Request", "result":"", "context":Item count: 1
Contributing types: User Consents}
{"logTime": "1207/134814", "correlationVector":"zDSwGNIssVWc+8TdizSv5F.1","action":"SyncServerConnectionManagerRequest", "result":"SYNC_SERVER_OK", "context":{"environment":"Prod_WestEurope_000l", "migrationStage":"NotStarted", "server":"GENERAL01000000"}}
{"logTime": "1207/134814", "correlationVector":"zDSwGNIssVWc+8TdizSv5F.2","action":"Commit Response", "result":"SYNCER_OK", "context":Result: SYNCER_OK. cV=zDSwGNIssVWc+8TdizSv5F.0;server=GENERAL01000000;cloudType=Consumer;environment=Prod_WestEurope_000l;migrationStage=NotStarted}
{"logTime": "1207/134814", "correlationVector":"pY0S+ZO+3YeM/60CEitaJT","action":"Poll GetUpdate request", "result":"", "context":cV=pY0S+ZO+3YeM/60CEitaJT}
{"logTime": "1207/134817", "correlationVector":"pY0S+ZO+3YeM/60CEitaJT.1","action":"SyncServerConnectionManagerRequest", "result":"SYNC_SERVER_OK", "context":{"environment":"Prod_WestEurope_000l", "migrationStage":"NotStarted", "server":"GENERAL01000005"}}
{"logTime": "1207/134817", "correlationVector":"pY0S+ZO+3YeM/60CEitaJT.2","action":"GetUpdates Response", "result":"SYNCER_OK", "context":Received 1 update(s). cV=pY0S+ZO+3YeM/60CEitaJT.0;server=GENERAL01000005;cloudType=Consumer;environment=Prod_WestEurope_000l;migrationStage=NotStarted}
{"logTime": "1207/134818", "correlationVector":"xn72B7opm0vuO0g1HacJu2","action":"Normal GetUpdate request", "result":"", "context":cV=xn72B7opm0vuO0g1HacJu2
Nudged types: Sessions
Refresh requested types: Bookmarks, Preferences, Passwords, Autofill Profiles, Autofill, Autofill Custom Data, Typed URLs, Extensions, Sessions, Extension settings, History Delete Directives, Device Info, User Consents, Send Tab To Self, Web Apps, Collection, Edge E Drop, Edge Hub App Usage, Edge Wallet, Encryption Keys}
{"logTime": "1207/134818", "correlationVector":"xn72B7opm0vuO0g1HacJu2.0","action":"SyncServerConnectionManagerRequest", "result":"SYNC_SERVER_ERROR", "context":{"environment":"", "error_type":"http_status_code", "error_value":"502", "migrationStage":"", "server":""}}
{"logTime": "1207/134818", "correlationVector":"xn72B7opm0vuO0g1HacJu2.1","action":"GetUpdates Response", "result":"SYNC_SERVER_ERROR (HTTP 502)", "context":Received error: SYNC_SERVER_ERROR (HTTP 502). }
{"logTime": "1207/134933", "correlationVector":"Uuz8dZbIL+ymFTJzUCojQa","action":"Normal GetUpdate request", "result":"", "context":cV=Uuz8dZbIL+ymFTJzUCojQa
Nudged types: Sessions
Refresh requested types: Bookmarks, Preferences, Passwords, Autofill Profiles, Autofill, Autofill Custom Data, Typed URLs, Extensions, Sessions, Extension settings, History Delete Directives, Device Info, User Consents, Send Tab To Self, Web Apps, Collection, Edge E Drop, Edge Hub App Usage, Edge Wallet, Encryption Keys}
{"logTime": "1207/134933", "correlationVector":"Uuz8dZbIL+ymFTJzUCojQa.1","action":"SyncServerConnectionManagerRequest", "result":"SYNC_SERVER_OK", "context":{"environment":"Prod_WestEurope_x00e", "migrationStage":"NotStarted", "server":"GENERAL0100000N"}}
{"logTime": "1207/134933", "correlationVector":"Uuz8dZbIL+ymFTJzUCojQa.2","action":"GetUpdates Response", "result":"SYNCER_OK", "context":Received 0 update(s). cV=Uuz8dZbIL+ymFTJzUCojQa.0;server=GENERAL0100000N;cloudType=Consumer;environment=Prod_WestEurope_x00e;migrationStage=NotStarted}
{"logTime": "1207/134933", "correlationVector":"yWwi2rQar80DQJ7Id/NrJI","action":"Commit Request", "result":"", "context":Item count: 2
Contributing types: Sessions}
{"logTime": "1207/134935", "correlationVector":"yWwi2rQar80DQJ7Id/NrJI.1","action":"SyncServerConnectionManagerRequest", "result":"SYNC_SERVER_OK", "context":{"environment":"Prod_WestEurope_x00e", "migrationStage":"NotStarted", "server":"GENERAL0100002M"}}
{"logTime": "1207/134935", "correlationVector":"yWwi2rQar80DQJ7Id/NrJI.2","action":"Commit Response", "result":"SYNCER_OK", "context":Result: SYNCER_OK. cV=yWwi2rQar80DQJ7Id/NrJI.0;server=GENERAL0100002M;cloudType=Consumer;environment=Prod_WestEurope_x00e;migrationStage=NotStarted}
{"logTime": "1207/135005", "correlationVector":"jNvSj4ocfd17VlQ/VdGuUU","action":"Commit Request", "result":"", "context":Item count: 1
Contributing types: Sessions}
{"logTime": "1207/135005", "correlationVector":"jNvSj4ocfd17VlQ/VdGuUU.1","action":"SyncServerConnectionManagerRequest", "result":"SYNC_SERVER_OK", "context":{"environment":"Prod_WestEurope_x00e", "migrationStage":"NotStarted", "server":"GENERAL0100000Y"}}
{"logTime": "1207/135005", "correlationVector":"jNvSj4ocfd17VlQ/VdGuUU.2","action":"Commit Response", "result":"SYNCER_OK", "context":Result: SYNCER_OK. cV=jNvSj4ocfd17VlQ/VdGuUU.0;server=GENERAL0100000Y;cloudType=Consumer;environment=Prod_WestEurope_x00e;migrationStage=NotStarted}
{"logTime": "1207/135139", "correlationVector":"Cu0nuJZzqPLXFvcirFqnwP","action":"Commit Request", "result":"", "context":Item count: 1
Contributing types: Sessions}
{"logTime": "1207/135140", "correlationVector":"Cu0nuJZzqPLXFvcirFqnwP.1","action":"SyncServerConnectionManagerRequest", "result":"SYNC_SERVER_OK", "context":{"environment":"Prod_WestEurope_x00e", "migrationStage":"NotStarted", "server":"GENERAL0100001S"}}
{"logTime": "1207/135140", "correlationVector":"Cu0nuJZzqPLXFvcirFqnwP.2","action":"Commit Response", "result":"SYNCER_OK", "context":Result: SYNCER_OK. cV=Cu0nuJZzqPLXFvcirFqnwP.0;server=GENERAL0100001S;cloudType=Consumer;environment=Prod_WestEurope_x00e;migrationStage=NotStarted}
{"logTime": "1207/135242", "correlationVector":"ZZjOAq1XQ20nnV/k3ZGx8H","action":"Commit Request", "result":"", "context":Item count: 1
Contributing types: Sessions}
{"logTime": "1207/135242", "correlationVector":"ZZjOAq1XQ20nnV/k3ZGx8H.0","action":"SyncServerConnectionManagerRequest", "result":"SYNC_SERVER_ERROR", "context":{"environment":"", "error_type":"http_status_code", "error_value":"502", "migrationStage":"", "server":""}}
{"logTime": "1207/135242", "correlationVector":"ZZjOAq1XQ20nnV/k3ZGx8H.1","action":"Commit Response", "result":"SYNC_SERVER_ERROR (HTTP 502)", "context":Result: SYNC_SERVER_ERROR (HTTP 502). }
{"logTime": "1207/135357", "correlationVector":"E0OfEkhTlyvCn2iYgaTVp2","action":"Normal GetUpdate request", "result":"", "context":cV=E0OfEkhTlyvCn2iYgaTVp2
Nudged types: Sessions
Refresh requested types: Bookmarks, Preferences, Passwords, Autofill Profiles, Autofill, Autofill Custom Data, Typed URLs, Extensions, Sessions, Extension settings, History Delete Directives, Device Info, User Consents, Send Tab To Self, Web Apps, Collection, Edge E Drop, Edge Hub App Usage, Edge Wallet, Encryption Keys}
{"logTime": "1207/135358", "correlationVector":"E0OfEkhTlyvCn2iYgaTVp2.1","action":"SyncServerConnectionManagerRequest", "result":"SYNC_SERVER_OK", "context":{"environment":"Prod_WestEurope_000l", "migrationStage":"NotStarted", "server":"GENERAL0100000V"}}
{"logTime": "1207/135358", "correlationVector":"E0OfEkhTlyvCn2iYgaTVp2.2","action":"GetUpdates Response", "result":"SYNCER_OK", "context":Received 2 update(s). cV=E0OfEkhTlyvCn2iYgaTVp2.0;server=GENERAL0100000V;cloudType=Consumer;environment=Prod_WestEurope_000l;migrationStage=NotStarted}
{"logTime": "1207/135358", "correlationVector":"2v/7MZWBOg0fYV3mPAK7i/","action":"Commit Request", "result":"", "context":Item count: 1
Contributing types: Sessions}
{"logTime": "1207/135358", "correlationVector":"2v/7MZWBOg0fYV3mPAK7i/.1","action":"SyncServerConnectionManagerRequest", "result":"SYNC_SERVER_OK", "context":{"environment":"Prod_WestEurope_000l", "migrationStage":"NotStarted", "server":"GENERAL01000021"}}
{"logTime": "1207/135358", "correlationVector":"2v/7MZWBOg0fYV3mPAK7i/.2","action":"Commit Response", "result":"SYNCER_OK", "context":Result: SYNCER_OK. cV=2v/7MZWBOg0fYV3mPAK7i/.0;server=GENERAL01000021;cloudType=Consumer;environment=Prod_WestEurope_000l;migrationStage=NotStarted}
{"logTime": "1207/135428", "correlationVector":"B3Zw9H7TIQfY/oq/zLjKiU","action":"Commit Request", "result":"", "context":Item count: 1
Contributing types: Sessions}
{"logTime": "1207/135429", "correlationVector":"B3Zw9H7TIQfY/oq/zLjKiU.1","action":"SyncServerConnectionManagerRequest", "result":"SYNC_SERVER_OK", "context":{"environment":"Prod_WestEurope_000l", "migrationStage":"NotStarted", "server":"GENERAL0100000J"}}
{"logTime": "1207/135429", "correlationVector":"B3Zw9H7TIQfY/oq/zLjKiU.2","action":"Commit Response", "result":"SYNCER_OK", "context":Result: SYNCER_OK. cV=B3Zw9H7TIQfY/oq/zLjKiU.0;server=GENERAL0100000J;cloudType=Consumer;environment=Prod_WestEurope_000l;migrationStage=NotStarted}
{"logTime": "1207/135557", "correlationVector":"10LtRzp/Ppe+qEyMRH7lrQ","action":"Commit Request", "result":"", "context":Item count: 1
Contributing types: Sessions}
{"logTime": "1207/135557", "correlationVector":"10LtRzp/Ppe+qEyMRH7lrQ.1","action":"SyncServerConnectionManagerRequest", "result":"SYNC_SERVER_OK", "context":{"environment":"Prod_WestEurope_x00e", "migrationStage":"NotStarted", "server":"GENERAL0100001B"}}
{"logTime": "1207/135557", "correlationVector":"10LtRzp/Ppe+qEyMRH7lrQ.2","action":"Commit Response", "result":"SYNCER_OK", "context":Result: SYNCER_OK. cV=10LtRzp/Ppe+qEyMRH7lrQ.0;server=GENERAL0100001B;cloudType=Consumer;environment=Prod_WestEurope_x00e;migrationStage=NotStarted}
{"logTime": "1207/135649", "correlationVector":"YSbeWuBKBGIMAL2WnheZ8w","action":"Commit Request", "result":"", "context":Item count: 1
Contributing types: Sessions}
{"logTime": "1207/135649", "correlationVector":"YSbeWuBKBGIMAL2WnheZ8w.1","action":"SyncServerConnectionManagerRequest", "result":"SYNC_SERVER_OK", "context":{"environment":"Prod_WestEurope_x00e", "migrationStage":"NotStarted", "server":"GENERAL0100000V"}}
{"logTime": "1207/135649", "correlationVector":"YSbeWuBKBGIMAL2WnheZ8w.2","action":"Commit Response", "result":"SYNCER_OK", "context":Result: SYNCER_OK. cV=YSbeWuBKBGIMAL2WnheZ8w.0;server=GENERAL0100000V;cloudType=Consumer;environment=Prod_WestEurope_x00e;migrationStage=NotStarted}
{"logTime": "1207/135720", "correlationVector":"glhivmMiYGBZXQfSgldZRe","action":"Commit Request", "result":"", "context":Item count: 1
Contributing types: Sessions}
{"logTime": "1207/135720", "correlationVector":"glhivmMiYGBZXQfSgldZRe.1","action":"SyncServerConnectionManagerRequest", "result":"SYNC_SERVER_OK", "context":{"environment":"Prod_NorthEurope_x00f", "migrationStage":"NotStarted", "server":"GENERAL0100001M"}}
{"logTime": "1207/135720", "correlationVector":"glhivmMiYGBZXQfSgldZRe.2","action":"Commit Response", "result":"SYNCER_OK", "context":Result: SYNCER_OK. cV=glhivmMiYGBZXQfSgldZRe.0;server=GENERAL0100001M;cloudType=Consumer;environment=Prod_NorthEurope_x00f;migrationStage=NotStarted}
{"logTime": "1207/135751", "correlationVector":"D0LJsShsF4qVXxq6m596O3","action":"Commit Request", "result":"", "context":Item count: 1
Contributing types: Sessions}
{"logTime": "1207/135752", "correlationVector":"D0LJsShsF4qVXxq6m596O3.1","action":"SyncServerConnectionManagerRequest", "result":"SYNC_SERVER_OK", "context":{"environment":"Prod_WestEurope_x00e", "migrationStage":"NotStarted", "server":"GENERAL0100000L"}}
{"logTime": "1207/135752", "correlationVector":"D0LJsShsF4qVXxq6m596O3.2","action":"Commit Response", "result":"SYNCER_OK", "context":Result: SYNCER_OK. cV=D0LJsShsF4qVXxq6m596O3.0;server=GENERAL0100000L;cloudType=Consumer;environment=Prod_WestEurope_x00e;migrationStage=NotStarted}
{"logTime": "1207/135827", "correlationVector":"WC9e+eoCCtMjxqOBJsHBa0","action":"Commit Request", "result":"", "context":Item count: 1
Contributing types: Sessions}
{"logTime": "1207/135827", "correlationVector":"WC9e+eoCCtMjxqOBJsHBa0.1","action":"SyncServerConnectionManagerRequest", "result":"SYNC_SERVER_OK", "context":{"environment":"Prod_WestEurope_000l", "migrationStage":"NotStarted", "server":"GENERAL01000020"}}
{"logTime": "1207/135827", "correlationVector":"WC9e+eoCCtMjxqOBJsHBa0.2","action":"Commit Response", "result":"SYNCER_OK", "context":Result: SYNCER_OK. cV=WC9e+eoCCtMjxqOBJsHBa0.0;server=GENERAL01000020;cloudType=Consumer;environment=Prod_WestEurope_000l;migrationStage=NotStarted}
{"logTime": "1207/135916", "correlationVector":"d7ZtQ8hvTW8VFnJg9QhqiG","action":"Commit Request", "result":"", "context":Item count: 1
Contributing types: Sessions}
{"logTime": "1207/135916", "correlationVector":"d7ZtQ8hvTW8VFnJg9QhqiG.1","action":"SyncServerConnectionManagerRequest", "result":"SYNC_SERVER_OK", "context":{"environment":"Prod_WestEurope_x00e", "migrationStage":"NotStarted", "server":"GENERAL0100001B"}}
{"logTime": "1207/135916", "correlationVector":"d7ZtQ8hvTW8VFnJg9QhqiG.2","action":"Commit Response", "result":"SYNCER_OK", "context":Result: SYNCER_OK. cV=d7ZtQ8hvTW8VFnJg9QhqiG.0;server=GENERAL0100001B;cloudType=Consumer;environment=Prod_WestEurope_x00e;migrationStage=NotStarted}
{"logTime": "1207/140029", "correlationVector":"VXpx891gb+NK4HC3QZh3fL","action":"Commit Request", "result":"", "context":Item count: 1
Contributing types: Sessions}
{"logTime": "1207/140029", "correlationVector":"VXpx891gb+NK4HC3QZh3fL.1","action":"SyncServerConnectionManagerRequest", "result":"SYNC_SERVER_OK", "context":{"environment":"Prod_NorthEurope_000h", "migrationStage":"NotStarted", "server":"GENERAL0100000U"}}
{"logTime": "1207/140029", "correlationVector":"VXpx891gb+NK4HC3QZh3fL.2","action":"Commit Response", "result":"SYNCER_OK", "context":Result: SYNCER_OK. cV=VXpx891gb+NK4HC3QZh3fL.0;server=GENERAL0100000U;cloudType=Consumer;environment=Prod_NorthEurope_000h;migrationStage=NotStarted}
{"logTime": "1207/140116", "correlationVector":"VQY/tyTznAwipSsB3bJlZw","action":"Commit Request", "result":"", "context":Item count: 1
Contributing types: Sessions}
{"logTime": "1207/140116", "correlationVector":"VQY/tyTznAwipSsB3bJlZw.1","action":"SyncServerConnectionManagerRequest", "result":"SYNC_SERVER_OK", "context":{"environment":"Prod_WestEurope_x00e", "migrationStage":"NotStarted", "server":"GENERAL0100002Q"}}
{"logTime": "1207/140116", "correlationVector":"VQY/tyTznAwipSsB3bJlZw.2","action":"Commit Response", "result":"SYNCER_OK", "context":Result: SYNCER_OK. cV=VQY/tyTznAwipSsB3bJlZw.0;server=GENERAL0100002Q;cloudType=Consumer;environment=Prod_WestEurope_x00e;migrationStage=NotStarted}
{"logTime": "1207/140202", "correlationVector":"MayuYSZnq0CL57mzEPVAYc","action":"Commit Request", "result":"", "context":Item count: 1
Contributing types: Sessions}
{"logTime": "1207/140203", "correlationVector":"MayuYSZnq0CL57mzEPVAYc.1","action":"SyncServerConnectionManagerRequest", "result":"SYNC_SERVER_OK", "context":{"environment":"Prod_WestEurope_x00e", "migrationStage":"NotStarted", "server":"GENERAL01000023"}}
{"logTime": "1207/140203", "correlationVector":"MayuYSZnq0CL57mzEPVAYc.2","action":"Commit Response", "result":"SYNCER_OK", "context":Result: SYNCER_OK. cV=MayuYSZnq0CL57mzEPVAYc.0;server=GENERAL01000023;cloudType=Consumer;environment=Prod_WestEurope_x00e;migrationStage=NotStarted}
{"logTime": "1207/140323", "correlationVector":"DG7cp5qWHZViW3wLB9ny6U","action":"Commit Request", "result":"", "context":Item count: 1
Contributing types: Sessions}
{"logTime": "1207/140323", "correlationVector":"DG7cp5qWHZViW3wLB9ny6U.1","action":"SyncServerConnectionManagerRequest", "result":"SYNC_SERVER_OK", "context":{"environment":"Prod_NorthEurope_000h", "migrationStage":"NotStarted", "server":"GENERAL01000007"}}
{"logTime": "1207/140323", "correlationVector":"DG7cp5qWHZViW3wLB9ny6U.2","action":"Commit Response", "result":"SYNCER_OK", "context":Result: SYNCER_OK. cV=DG7cp5qWHZViW3wLB9ny6U.0;server=GENERAL01000007;cloudType=Consumer;environment=Prod_NorthEurope_000h;migrationStage=NotStarted}
{"logTime": "1207/140428", "correlationVector":"6vdemNmn0hAU4n/b6EFKDB","action":"Commit Request", "result":"", "context":Item count: 1
Contributing types: Sessions}
{"logTime": "1207/140428", "correlationVector":"6vdemNmn0hAU4n/b6EFKDB.1","action":"SyncServerConnectionManagerRequest", "result":"SYNC_SERVER_OK", "context":{"environment":"Prod_WestEurope_000l", "migrationStage":"NotStarted", "server":"GENERAL01000026"}}
{"logTime": "1207/140428", "correlationVector":"6vdemNmn0hAU4n/b6EFKDB.2","action":"Commit Response", "result":"SYNCER_OK", "context":Result: SYNCER_OK. cV=6vdemNmn0hAU4n/b6EFKDB.0;server=GENERAL01000026;cloudType=Consumer;environment=Prod_WestEurope_000l;migrationStage=NotStarted}
{"logTime": "1207/140748", "correlationVector":"VSNktcED4391W91Am0ciuf","action":"Commit Request", "result":"", "context":Item count: 1
Contributing types: Sessions}
{"logTime": "1207/140748", "correlationVector":"VSNktcED4391W91Am0ciuf.1","action":"SyncServerConnectionManagerRequest", "result":"SYNC_SERVER_OK", "context":{"environment":"Prod_WestEurope_x00e", "migrationStage":"NotStarted", "server":"GENERAL0100002Q"}}
{"logTime": "1207/140748", "correlationVector":"VSNktcED4391W91Am0ciuf.2","action":"Commit Response", "result":"SYNCER_OK", "context":Result: SYNCER_OK. cV=VSNktcED4391W91Am0ciuf.0;server=GENERAL0100002Q;cloudType=Consumer;environment=Prod_WestEurope_x00e;migrationStage=NotStarted}
{"logTime": "1207/140936", "correlationVector":"O8E3Pjt35169JGWjbzHGUZ","action":"Commit Request", "result":"", "context":Item count: 1
Contributing types: Sessions}
{"logTime": "1207/140936", "correlationVector":"O8E3Pjt35169JGWjbzHGUZ.1","action":"SyncServerConnectionManagerRequest", "result":"SYNC_SERVER_OK", "context":{"environment":"Prod_WestEurope_000l", "migrationStage":"NotStarted", "server":"GENERAL0100000J"}}
{"logTime": "1207/140936", "correlationVector":"O8E3Pjt35169JGWjbzHGUZ.2","action":"Commit Response", "result":"SYNCER_OK", "context":Result: SYNCER_OK. cV=O8E3Pjt35169JGWjbzHGUZ.0;server=GENERAL0100000J;cloudType=Consumer;environment=Prod_WestEurope_000l;migrationStage=NotStarted}
{"logTime": "1207/141111", "correlationVector":"90THWfsaqm7po8/PqnPvJB","action":"Commit Request", "result":"", "context":Item count: 1
Contributing types: Sessions}
{"logTime": "1207/141111", "correlationVector":"90THWfsaqm7po8/PqnPvJB.1","action":"SyncServerConnectionManagerRequest", "result":"SYNC_SERVER_OK", "context":{"environment":"Prod_EastUS_000w", "migrationStage":"NotStarted", "server":"GENERAL0100000G"}}
{"logTime": "1207/141111", "correlationVector":"90THWfsaqm7po8/PqnPvJB.2","action":"Commit Response", "result":"SYNCER_OK", "context":Result: SYNCER_OK. cV=90THWfsaqm7po8/PqnPvJB.0;server=GENERAL0100000G;cloudType=Consumer;environment=Prod_EastUS_000w;migrationStage=NotStarted}
{"logTime": "1207/141238", "correlationVector":"BWFgvnR/r64kmnD0RWCfSl","action":"Commit Request", "result":"", "context":Item count: 1
Contributing types: Sessions}
{"logTime": "1207/141238", "correlationVector":"BWFgvnR/r64kmnD0RWCfSl.1","action":"SyncServerConnectionManagerRequest", "result":"SYNC_SERVER_OK", "context":{"environment":"Prod_WestEurope_x00e", "migrationStage":"NotStarted", "server":"GENERAL01000025"}}
{"logTime": "1207/141238", "correlationVector":"BWFgvnR/r64kmnD0RWCfSl.2","action":"Commit Response", "result":"SYNCER_OK", "context":Result: SYNCER_OK. cV=BWFgvnR/r64kmnD0RWCfSl.0;server=GENERAL01000025;cloudType=Consumer;environment=Prod_WestEurope_x00e;migrationStage=NotStarted}
{"logTime": "1207/141446", "correlationVector":"0Ch2cT4P6Qi+1bpM+GhSYC","action":"Commit Request", "result":"", "context":Item count: 1
Contributing types: Sessions}
{"logTime": "1207/141446", "correlationVector":"0Ch2cT4P6Qi+1bpM+GhSYC.1","action":"SyncServerConnectionManagerRequest", "result":"SYNC_SERVER_OK", "context":{"environment":"Prod_NorthEurope_000h", "migrationStage":"NotStarted", "server":"GENERAL0100000Q"}}
{"logTime": "1207/141446", "correlationVector":"0Ch2cT4P6Qi+1bpM+GhSYC.2","action":"Commit Response", "result":"SYNCER_OK", "context":Result: SYNCER_OK. cV=0Ch2cT4P6Qi+1bpM+GhSYC.0;server=GENERAL0100000Q;cloudType=Consumer;environment=Prod_NorthEurope_000h;migrationStage=NotStarted}
{"logTime": "1207/141535", "correlationVector":"dZoLws4KeqU+47a6EVHzM8","action":"Commit Request", "result":"", "context":Item count: 1
Contributing types: Sessions}
{"logTime": "1207/141535", "correlationVector":"dZoLws4KeqU+47a6EVHzM8.1","action":"SyncServerConnectionManagerRequest", "result":"SYNC_SERVER_OK", "context":{"environment":"Prod_WestEurope_x00e", "migrationStage":"NotStarted", "server":"GENERAL01000013"}}
{"logTime": "1207/141535", "correlationVector":"dZoLws4KeqU+47a6EVHzM8.2","action":"Commit Response", "result":"SYNCER_OK", "context":Result: SYNCER_OK. cV=dZoLws4KeqU+47a6EVHzM8.0;server=GENERAL01000013;cloudType=Consumer;environment=Prod_WestEurope_x00e;migrationStage=NotStarted}
{"logTime": "1207/141744", "correlationVector":"xJF7dFHfI5bkl9QCrNo1UI","action":"Commit Request", "result":"", "context":Item count: 1
Contributing types: Sessions}
{"logTime": "1207/141745", "correlationVector":"xJF7dFHfI5bkl9QCrNo1UI.1","action":"SyncServerConnectionManagerRequest", "result":"SYNC_SERVER_OK", "context":{"environment":"Prod_NorthEurope_000h", "migrationStage":"NotStarted", "server":"GENERAL0100001T"}}
{"logTime": "1207/141745", "correlationVector":"xJF7dFHfI5bkl9QCrNo1UI.2","action":"Commit Response", "result":"SYNCER_OK", "context":Result: SYNCER_OK. cV=xJF7dFHfI5bkl9QCrNo1UI.0;server=GENERAL0100001T;cloudType=Consumer;environment=Prod_NorthEurope_000h;migrationStage=NotStarted}
{"logTime": "1207/141816", "correlationVector":"HM/qPwYSqZ3Y5cKpoPzuIf","action":"Commit Request", "result":"", "context":Item count: 1
Contributing types: Sessions}
{"logTime": "1207/141816", "correlationVector":"HM/qPwYSqZ3Y5cKpoPzuIf.1","action":"SyncServerConnectionManagerRequest", "result":"SYNC_SERVER_OK", "context":{"environment":"Prod_WestEurope_000l", "migrationStage":"NotStarted", "server":"GENERAL0100000G"}}
{"logTime": "1207/141816", "correlationVector":"HM/qPwYSqZ3Y5cKpoPzuIf.2","action":"Commit Response", "result":"SYNCER_OK", "context":Result: SYNCER_OK. cV=HM/qPwYSqZ3Y5cKpoPzuIf.0;server=GENERAL0100000G;cloudType=Consumer;environment=Prod_WestEurope_000l;migrationStage=NotStarted}
{"logTime": "1207/142012", "correlationVector":"nE3bx1yXbJGdS5lVaNFo54","action":"Commit Request", "result":"", "context":Item count: 1
Contributing types: Sessions}
{"logTime": "1207/142012", "correlationVector":"nE3bx1yXbJGdS5lVaNFo54.1","action":"SyncServerConnectionManagerRequest", "result":"SYNC_SERVER_OK", "context":{"environment":"Prod_NorthEurope_000h", "migrationStage":"NotStarted", "server":"GENERAL01000021"}}
{"logTime": "1207/142012", "correlationVector":"nE3bx1yXbJGdS5lVaNFo54.2","action":"Commit Response", "result":"SYNCER_OK", "context":Result: SYNCER_OK. cV=nE3bx1yXbJGdS5lVaNFo54.0;server=GENERAL01000021;cloudType=Consumer;environment=Prod_NorthEurope_000h;migrationStage=NotStarted}
